{"/Users/tirathshah/Desktop/CS682/react_app/folio_app/my-app/App.js": {"path":"/Users/tirathshah/Desktop/CS682/react_app/folio_app/my-app/App.js","statementMap":{},"fnMap":{},"branchMap":{},"s":{},"f":{},"b":{},"_coverageSchema":"332fd63041d2c1bcb487cc26dd0d5f7d97098a6c","hash":"b1b81b497298d58f79f59c46ddc1be04a918496d"}
,"/Users/tirathshah/Desktop/CS682/react_app/folio_app/my-app/api/registerForPushNotificationsAsync.js": {"path":"/Users/tirathshah/Desktop/CS682/react_app/folio_app/my-app/api/registerForPushNotificationsAsync.js","statementMap":{"0":{"start":{"line":4,"column":22},"end":{"line":4,"column":69}},"1":{"start":{"line":8,"column":2},"end":{"line":10,"column":3}},"2":{"start":{"line":9,"column":4},"end":{"line":9,"column":11}},"3":{"start":{"line":14,"column":19},"end":{"line":14,"column":72}},"4":{"start":{"line":17,"column":2},"end":{"line":19,"column":3}},"5":{"start":{"line":18,"column":4},"end":{"line":18,"column":11}},"6":{"start":{"line":22,"column":14},"end":{"line":22,"column":57}},"7":{"start":{"line":25,"column":2},"end":{"line":36,"column":5}}},"fnMap":{"0":{"name":"registerForPushNotificationsAsync","decl":{"start":{"line":6,"column":31},"end":{"line":6,"column":64}},"loc":{"start":{"line":6,"column":67},"end":{"line":37,"column":1}},"line":6}},"branchMap":{"0":{"loc":{"start":{"line":8,"column":2},"end":{"line":10,"column":3}},"type":"if","locations":[{"start":{"line":8,"column":2},"end":{"line":10,"column":3}},{"start":{"line":8,"column":2},"end":{"line":10,"column":3}}],"line":8},"1":{"loc":{"start":{"line":17,"column":2},"end":{"line":19,"column":3}},"type":"if","locations":[{"start":{"line":17,"column":2},"end":{"line":19,"column":3}},{"start":{"line":17,"column":2},"end":{"line":19,"column":3}}],"line":17}},"s":{"0":1,"1":6,"2":6,"3":0,"4":0,"5":0,"6":0,"7":0},"f":{"0":6},"b":{"0":[6,0],"1":[0,0]},"_coverageSchema":"332fd63041d2c1bcb487cc26dd0d5f7d97098a6c","hash":"207a74b76d95c6d2ab27c073b5e24ed4fc6fa267"}
,"/Users/tirathshah/Desktop/CS682/react_app/folio_app/my-app/constants/Colors.js": {"path":"/Users/tirathshah/Desktop/CS682/react_app/folio_app/my-app/constants/Colors.js","statementMap":{"0":{"start":{"line":1,"column":18},"end":{"line":1,"column":27}}},"fnMap":{},"branchMap":{},"s":{"0":1},"f":{},"b":{},"_coverageSchema":"332fd63041d2c1bcb487cc26dd0d5f7d97098a6c","hash":"347b9badf92d972b65f0990e69998cfb57a84664"}
,"/Users/tirathshah/Desktop/CS682/react_app/folio_app/my-app/navigation/MainTabNavigator.js": {"path":"/Users/tirathshah/Desktop/CS682/react_app/folio_app/my-app/navigation/MainTabNavigator.js","statementMap":{"0":{"start":{"line":28,"column":44},"end":{"line":55,"column":5}},"1":{"start":{"line":30,"column":30},"end":{"line":30,"column":46}},"2":{"start":{"line":32,"column":8},"end":{"line":45,"column":9}},"3":{"start":{"line":34,"column":12},"end":{"line":37,"column":28}},"4":{"start":{"line":38,"column":12},"end":{"line":38,"column":18}},"5":{"start":{"line":40,"column":12},"end":{"line":40,"column":102}},"6":{"start":{"line":41,"column":12},"end":{"line":41,"column":18}},"7":{"start":{"line":43,"column":12},"end":{"line":44,"column":97}},"8":{"start":{"line":46,"column":8},"end":{"line":53,"column":10}}},"fnMap":{"0":{"name":"(anonymous_0)","decl":{"start":{"line":28,"column":23},"end":{"line":28,"column":24}},"loc":{"start":{"line":28,"column":44},"end":{"line":55,"column":5}},"line":28},"1":{"name":"(anonymous_1)","decl":{"start":{"line":29,"column":18},"end":{"line":29,"column":19}},"loc":{"start":{"line":29,"column":35},"end":{"line":54,"column":7}},"line":29}},"branchMap":{"0":{"loc":{"start":{"line":32,"column":8},"end":{"line":45,"column":9}},"type":"switch","locations":[{"start":{"line":33,"column":10},"end":{"line":38,"column":18}},{"start":{"line":39,"column":10},"end":{"line":41,"column":18}},{"start":{"line":42,"column":10},"end":{"line":44,"column":97}}],"line":32},"1":{"loc":{"start":{"line":35,"column":14},"end":{"line":37,"column":27}},"type":"cond-expr","locations":[{"start":{"line":36,"column":18},"end":{"line":36,"column":56}},{"start":{"line":37,"column":18},"end":{"line":37,"column":27}}],"line":35},"2":{"loc":{"start":{"line":36,"column":29},"end":{"line":36,"column":54}},"type":"cond-expr","locations":[{"start":{"line":36,"column":39},"end":{"line":36,"column":41}},{"start":{"line":36,"column":44},"end":{"line":36,"column":54}}],"line":36},"3":{"loc":{"start":{"line":40,"column":23},"end":{"line":40,"column":101}},"type":"cond-expr","locations":[{"start":{"line":40,"column":47},"end":{"line":40,"column":87}},{"start":{"line":40,"column":90},"end":{"line":40,"column":101}}],"line":40},"4":{"loc":{"start":{"line":40,"column":60},"end":{"line":40,"column":85}},"type":"cond-expr","locations":[{"start":{"line":40,"column":70},"end":{"line":40,"column":72}},{"start":{"line":40,"column":75},"end":{"line":40,"column":85}}],"line":40},"5":{"loc":{"start":{"line":44,"column":14},"end":{"line":44,"column":96}},"type":"cond-expr","locations":[{"start":{"line":44,"column":38},"end":{"line":44,"column":80}},{"start":{"line":44,"column":83},"end":{"line":44,"column":96}}],"line":44},"6":{"loc":{"start":{"line":44,"column":53},"end":{"line":44,"column":78}},"type":"cond-expr","locations":[{"start":{"line":44,"column":63},"end":{"line":44,"column":65}},{"start":{"line":44,"column":68},"end":{"line":44,"column":78}}],"line":44},"7":{"loc":{"start":{"line":51,"column":19},"end":{"line":51,"column":75}},"type":"cond-expr","locations":[{"start":{"line":51,"column":29},"end":{"line":51,"column":51}},{"start":{"line":51,"column":54},"end":{"line":51,"column":75}}],"line":51}},"s":{"0":0,"1":0,"2":0,"3":0,"4":0,"5":0,"6":0,"7":0,"8":0},"f":{"0":0,"1":0},"b":{"0":[0,0,0],"1":[0,0],"2":[0,0],"3":[0,0],"4":[0,0],"5":[0,0],"6":[0,0],"7":[0,0]},"_coverageSchema":"332fd63041d2c1bcb487cc26dd0d5f7d97098a6c","hash":"43f179ab8c624dd2b6c433482380b341d0002183"}
,"/Users/tirathshah/Desktop/CS682/react_app/folio_app/my-app/navigation/RootNavigation.js": {"path":"/Users/tirathshah/Desktop/CS682/react_app/folio_app/my-app/navigation/RootNavigation.js","statementMap":{"0":{"start":{"line":13,"column":4},"end":{"line":13,"column":17}},"1":{"start":{"line":17,"column":4},"end":{"line":17,"column":74}},"2":{"start":{"line":21,"column":4},"end":{"line":21,"column":78}},"3":{"start":{"line":29,"column":4},"end":{"line":29,"column":40}},"4":{"start":{"line":32,"column":4},"end":{"line":32,"column":89}},"5":{"start":{"line":36,"column":4},"end":{"line":36,"column":82}},"6":{"start":{"line":40,"column":4},"end":{"line":40,"column":56}}},"fnMap":{"0":{"name":"(anonymous_0)","decl":{"start":{"line":12,"column":2},"end":{"line":12,"column":3}},"loc":{"start":{"line":12,"column":21},"end":{"line":14,"column":3}},"line":12},"1":{"name":"(anonymous_1)","decl":{"start":{"line":16,"column":2},"end":{"line":16,"column":3}},"loc":{"start":{"line":16,"column":22},"end":{"line":18,"column":3}},"line":16},"2":{"name":"(anonymous_2)","decl":{"start":{"line":20,"column":2},"end":{"line":20,"column":3}},"loc":{"start":{"line":20,"column":25},"end":{"line":22,"column":3}},"line":20},"3":{"name":"(anonymous_3)","decl":{"start":{"line":24,"column":2},"end":{"line":24,"column":3}},"loc":{"start":{"line":24,"column":34},"end":{"line":33,"column":3}},"line":24},"4":{"name":"(anonymous_4)","decl":{"start":{"line":35,"column":24},"end":{"line":35,"column":25}},"loc":{"start":{"line":35,"column":46},"end":{"line":37,"column":3}},"line":35},"5":{"name":"(anonymous_5)","decl":{"start":{"line":39,"column":2},"end":{"line":39,"column":3}},"loc":{"start":{"line":39,"column":11},"end":{"line":41,"column":3}},"line":39}},"branchMap":{"0":{"loc":{"start":{"line":21,"column":4},"end":{"line":21,"column":77}},"type":"binary-expr","locations":[{"start":{"line":21,"column":4},"end":{"line":21,"column":34}},{"start":{"line":21,"column":38},"end":{"line":21,"column":77}}],"line":21}},"s":{"0":6,"1":6,"2":0,"3":6,"4":6,"5":0,"6":6},"f":{"0":6,"1":6,"2":0,"3":6,"4":0,"5":6},"b":{"0":[0,0]},"_coverageSchema":"332fd63041d2c1bcb487cc26dd0d5f7d97098a6c","hash":"d47f3aea06e9114326f6c761e0e3e1853d162dad"}
,"/Users/tirathshah/Desktop/CS682/react_app/folio_app/my-app/screens/BookScreen.js": {"path":"/Users/tirathshah/Desktop/CS682/react_app/folio_app/my-app/screens/BookScreen.js","statementMap":{"0":{"start":{"line":29,"column":4},"end":{"line":29,"column":17}},"1":{"start":{"line":30,"column":4},"end":{"line":44,"column":6}},"2":{"start":{"line":48,"column":23},"end":{"line":48,"column":50}},"3":{"start":{"line":49,"column":4},"end":{"line":49,"column":24}},"4":{"start":{"line":50,"column":4},"end":{"line":50,"column":35}},"5":{"start":{"line":54,"column":23},"end":{"line":54,"column":50}},"6":{"start":{"line":56,"column":4},"end":{"line":62,"column":5}},"7":{"start":{"line":57,"column":6},"end":{"line":61,"column":8}},"8":{"start":{"line":64,"column":4},"end":{"line":122,"column":5}},"9":{"start":{"line":69,"column":47},"end":{"line":69,"column":77}},"10":{"start":{"line":126,"column":4},"end":{"line":142,"column":6}},"11":{"start":{"line":127,"column":17},"end":{"line":141,"column":7}},"12":{"start":{"line":147,"column":15},"end":{"line":191,"column":2}}},"fnMap":{"0":{"name":"(anonymous_0)","decl":{"start":{"line":28,"column":2},"end":{"line":28,"column":3}},"loc":{"start":{"line":28,"column":21},"end":{"line":45,"column":3}},"line":28},"1":{"name":"(anonymous_1)","decl":{"start":{"line":47,"column":22},"end":{"line":47,"column":23}},"loc":{"start":{"line":47,"column":28},"end":{"line":51,"column":3}},"line":47},"2":{"name":"(anonymous_2)","decl":{"start":{"line":53,"column":2},"end":{"line":53,"column":3}},"loc":{"start":{"line":53,"column":11},"end":{"line":123,"column":3}},"line":53},"3":{"name":"(anonymous_3)","decl":{"start":{"line":69,"column":41},"end":{"line":69,"column":42}},"loc":{"start":{"line":69,"column":47},"end":{"line":69,"column":77}},"line":69},"4":{"name":"(anonymous_4)","decl":{"start":{"line":125,"column":2},"end":{"line":125,"column":3}},"loc":{"start":{"line":125,"column":20},"end":{"line":143,"column":3}},"line":125},"5":{"name":"(anonymous_5)","decl":{"start":{"line":127,"column":6},"end":{"line":127,"column":7}},"loc":{"start":{"line":127,"column":17},"end":{"line":141,"column":7}},"line":127}},"branchMap":{"0":{"loc":{"start":{"line":56,"column":4},"end":{"line":62,"column":5}},"type":"if","locations":[{"start":{"line":56,"column":4},"end":{"line":62,"column":5}},{"start":{"line":56,"column":4},"end":{"line":62,"column":5}}],"line":56},"1":{"loc":{"start":{"line":129,"column":19},"end":{"line":129,"column":85}},"type":"cond-expr","locations":[{"start":{"line":129,"column":51},"end":{"line":129,"column":53}},{"start":{"line":129,"column":56},"end":{"line":129,"column":85}}],"line":129},"2":{"loc":{"start":{"line":130,"column":21},"end":{"line":130,"column":95}},"type":"cond-expr","locations":[{"start":{"line":130,"column":53},"end":{"line":130,"column":55}},{"start":{"line":130,"column":58},"end":{"line":130,"column":95}}],"line":130},"3":{"loc":{"start":{"line":131,"column":25},"end":{"line":131,"column":87}},"type":"cond-expr","locations":[{"start":{"line":131,"column":57},"end":{"line":131,"column":59}},{"start":{"line":131,"column":62},"end":{"line":131,"column":87}}],"line":131},"4":{"loc":{"start":{"line":132,"column":21},"end":{"line":132,"column":84}},"type":"cond-expr","locations":[{"start":{"line":132,"column":54},"end":{"line":132,"column":56}},{"start":{"line":132,"column":59},"end":{"line":132,"column":84}}],"line":132},"5":{"loc":{"start":{"line":133,"column":15},"end":{"line":133,"column":77}},"type":"cond-expr","locations":[{"start":{"line":133,"column":41},"end":{"line":133,"column":64}},{"start":{"line":133,"column":67},"end":{"line":133,"column":77}}],"line":133},"6":{"loc":{"start":{"line":134,"column":21},"end":{"line":134,"column":113}},"type":"cond-expr","locations":[{"start":{"line":134,"column":62},"end":{"line":134,"column":85}},{"start":{"line":134,"column":88},"end":{"line":134,"column":113}}],"line":134}},"s":{"0":0,"1":0,"2":0,"3":0,"4":0,"5":0,"6":0,"7":0,"8":0,"9":0,"10":0,"11":0,"12":1},"f":{"0":0,"1":0,"2":0,"3":0,"4":0,"5":0},"b":{"0":[0,0],"1":[0,0],"2":[0,0],"3":[0,0],"4":[0,0],"5":[0,0],"6":[0,0]},"_coverageSchema":"332fd63041d2c1bcb487cc26dd0d5f7d97098a6c","hash":"f4d8e2cd6266b96616640b99af3bd3db973898a8"}
,"/Users/tirathshah/Desktop/CS682/react_app/folio_app/my-app/screens/HomeScreen.js": {"path":"/Users/tirathshah/Desktop/CS682/react_app/folio_app/my-app/screens/HomeScreen.js","statementMap":{"0":{"start":{"line":20,"column":4},"end":{"line":20,"column":17}},"1":{"start":{"line":21,"column":4},"end":{"line":26,"column":6}},"2":{"start":{"line":36,"column":12},"end":{"line":36,"column":39}},"3":{"start":{"line":37,"column":8},"end":{"line":37,"column":38}},"4":{"start":{"line":41,"column":18},"end":{"line":41,"column":58}},"5":{"start":{"line":42,"column":8},"end":{"line":72,"column":14}},"6":{"start":{"line":49,"column":16},"end":{"line":51,"column":18}},"7":{"start":{"line":54,"column":16},"end":{"line":54,"column":37}},"8":{"start":{"line":57,"column":32},"end":{"line":57,"column":76}},"9":{"start":{"line":58,"column":16},"end":{"line":65,"column":17}},"10":{"start":{"line":59,"column":20},"end":{"line":64,"column":21}},"11":{"start":{"line":60,"column":24},"end":{"line":63,"column":25}},"12":{"start":{"line":61,"column":28},"end":{"line":61,"column":73}},"13":{"start":{"line":62,"column":28},"end":{"line":62,"column":34}},"14":{"start":{"line":66,"column":16},"end":{"line":68,"column":18}},"15":{"start":{"line":71,"column":16},"end":{"line":71,"column":42}},"16":{"start":{"line":76,"column":18},"end":{"line":76,"column":77}},"17":{"start":{"line":78,"column":18},"end":{"line":78,"column":45}},"18":{"start":{"line":79,"column":8},"end":{"line":83,"column":9}},"19":{"start":{"line":80,"column":12},"end":{"line":82,"column":13}},"20":{"start":{"line":81,"column":16},"end":{"line":81,"column":88}},"21":{"start":{"line":84,"column":8},"end":{"line":84,"column":66}},"22":{"start":{"line":85,"column":8},"end":{"line":89,"column":9}},"23":{"start":{"line":86,"column":12},"end":{"line":88,"column":13}},"24":{"start":{"line":87,"column":16},"end":{"line":87,"column":109}},"25":{"start":{"line":91,"column":8},"end":{"line":91,"column":47}},"26":{"start":{"line":92,"column":8},"end":{"line":92,"column":25}},"27":{"start":{"line":94,"column":8},"end":{"line":127,"column":14}},"28":{"start":{"line":101,"column":16},"end":{"line":108,"column":17}},"29":{"start":{"line":102,"column":38},"end":{"line":102,"column":61}},"30":{"start":{"line":103,"column":20},"end":{"line":105,"column":23}},"31":{"start":{"line":107,"column":20},"end":{"line":107,"column":58}},"32":{"start":{"line":111,"column":28},"end":{"line":111,"column":70}},"33":{"start":{"line":112,"column":16},"end":{"line":126,"column":22}},"34":{"start":{"line":119,"column":36},"end":{"line":119,"column":65}},"35":{"start":{"line":120,"column":24},"end":{"line":122,"column":27}},"36":{"start":{"line":125,"column":24},"end":{"line":125,"column":50}},"37":{"start":{"line":132,"column":8},"end":{"line":132,"column":108}},"38":{"start":{"line":133,"column":8},"end":{"line":141,"column":9}},"39":{"start":{"line":134,"column":27},"end":{"line":136,"column":13}},"40":{"start":{"line":137,"column":12},"end":{"line":137,"column":79}},"41":{"start":{"line":139,"column":12},"end":{"line":139,"column":31}},"42":{"start":{"line":140,"column":12},"end":{"line":140,"column":22}},"43":{"start":{"line":145,"column":20},"end":{"line":145,"column":22}},"44":{"start":{"line":151,"column":8},"end":{"line":164,"column":9}},"45":{"start":{"line":152,"column":12},"end":{"line":155,"column":13}},"46":{"start":{"line":153,"column":16},"end":{"line":153,"column":50}},"47":{"start":{"line":154,"column":16},"end":{"line":154,"column":25}},"48":{"start":{"line":156,"column":12},"end":{"line":159,"column":13}},"49":{"start":{"line":157,"column":16},"end":{"line":157,"column":50}},"50":{"start":{"line":158,"column":16},"end":{"line":158,"column":25}},"51":{"start":{"line":160,"column":12},"end":{"line":163,"column":13}},"52":{"start":{"line":161,"column":16},"end":{"line":161,"column":50}},"53":{"start":{"line":162,"column":16},"end":{"line":162,"column":25}},"54":{"start":{"line":167,"column":16},"end":{"line":167,"column":17}},"55":{"start":{"line":169,"column":8},"end":{"line":209,"column":9}},"56":{"start":{"line":170,"column":23},"end":{"line":170,"column":42}},"57":{"start":{"line":203,"column":12},"end":{"line":203,"column":36}},"58":{"start":{"line":204,"column":12},"end":{"line":204,"column":29}},"59":{"start":{"line":205,"column":12},"end":{"line":205,"column":59}},"60":{"start":{"line":206,"column":12},"end":{"line":206,"column":34}},"61":{"start":{"line":207,"column":12},"end":{"line":207,"column":53}},"62":{"start":{"line":208,"column":12},"end":{"line":208,"column":16}},"63":{"start":{"line":210,"column":8},"end":{"line":213,"column":10}},"64":{"start":{"line":216,"column":37},"end":{"line":216,"column":44}},"65":{"start":{"line":218,"column":25},"end":{"line":218,"column":46}},"66":{"start":{"line":219,"column":4},"end":{"line":225,"column":5}},"67":{"start":{"line":220,"column":6},"end":{"line":224,"column":8}},"68":{"start":{"line":226,"column":4},"end":{"line":279,"column":6}},"69":{"start":{"line":242,"column":14},"end":{"line":247,"column":35}},"70":{"start":{"line":243,"column":31},"end":{"line":243,"column":63}},"71":{"start":{"line":257,"column":45},"end":{"line":257,"column":81}},"72":{"start":{"line":264,"column":45},"end":{"line":264,"column":81}},"73":{"start":{"line":271,"column":45},"end":{"line":271,"column":81}},"74":{"start":{"line":283,"column":15},"end":{"line":322,"column":2}}},"fnMap":{"0":{"name":"(anonymous_0)","decl":{"start":{"line":19,"column":2},"end":{"line":19,"column":3}},"loc":{"start":{"line":19,"column":21},"end":{"line":27,"column":3}},"line":19},"1":{"name":"(anonymous_1)","decl":{"start":{"line":33,"column":24},"end":{"line":33,"column":25}},"loc":{"start":{"line":33,"column":30},"end":{"line":38,"column":5}},"line":33},"2":{"name":"(anonymous_2)","decl":{"start":{"line":40,"column":4},"end":{"line":40,"column":5}},"loc":{"start":{"line":40,"column":22},"end":{"line":73,"column":5}},"line":40},"3":{"name":"(anonymous_3)","decl":{"start":{"line":48,"column":18},"end":{"line":48,"column":19}},"loc":{"start":{"line":48,"column":32},"end":{"line":52,"column":13}},"line":48},"4":{"name":"(anonymous_4)","decl":{"start":{"line":53,"column":19},"end":{"line":53,"column":20}},"loc":{"start":{"line":53,"column":30},"end":{"line":55,"column":13}},"line":53},"5":{"name":"(anonymous_5)","decl":{"start":{"line":56,"column":18},"end":{"line":56,"column":19}},"loc":{"start":{"line":56,"column":24},"end":{"line":69,"column":13}},"line":56},"6":{"name":"(anonymous_6)","decl":{"start":{"line":70,"column":18},"end":{"line":70,"column":19}},"loc":{"start":{"line":70,"column":24},"end":{"line":72,"column":13}},"line":70},"7":{"name":"(anonymous_7)","decl":{"start":{"line":75,"column":4},"end":{"line":75,"column":5}},"loc":{"start":{"line":75,"column":25},"end":{"line":129,"column":5}},"line":75},"8":{"name":"(anonymous_8)","decl":{"start":{"line":100,"column":18},"end":{"line":100,"column":19}},"loc":{"start":{"line":100,"column":32},"end":{"line":109,"column":13}},"line":100},"9":{"name":"(anonymous_9)","decl":{"start":{"line":110,"column":18},"end":{"line":110,"column":19}},"loc":{"start":{"line":110,"column":24},"end":{"line":127,"column":13}},"line":110},"10":{"name":"(anonymous_10)","decl":{"start":{"line":118,"column":26},"end":{"line":118,"column":27}},"loc":{"start":{"line":118,"column":40},"end":{"line":123,"column":21}},"line":118},"11":{"name":"(anonymous_11)","decl":{"start":{"line":124,"column":26},"end":{"line":124,"column":27}},"loc":{"start":{"line":124,"column":32},"end":{"line":126,"column":21}},"line":124},"12":{"name":"(anonymous_12)","decl":{"start":{"line":131,"column":4},"end":{"line":131,"column":5}},"loc":{"start":{"line":131,"column":31},"end":{"line":142,"column":5}},"line":131},"13":{"name":"(anonymous_13)","decl":{"start":{"line":144,"column":4},"end":{"line":144,"column":5}},"loc":{"start":{"line":144,"column":32},"end":{"line":214,"column":5}},"line":144},"14":{"name":"(anonymous_14)","decl":{"start":{"line":216,"column":20},"end":{"line":216,"column":21}},"loc":{"start":{"line":216,"column":37},"end":{"line":216,"column":44}},"line":216},"15":{"name":"(anonymous_15)","decl":{"start":{"line":217,"column":2},"end":{"line":217,"column":3}},"loc":{"start":{"line":217,"column":11},"end":{"line":280,"column":3}},"line":217},"16":{"name":"(anonymous_16)","decl":{"start":{"line":241,"column":24},"end":{"line":241,"column":25}},"loc":{"start":{"line":242,"column":14},"end":{"line":247,"column":35}},"line":242},"17":{"name":"(anonymous_17)","decl":{"start":{"line":243,"column":25},"end":{"line":243,"column":26}},"loc":{"start":{"line":243,"column":31},"end":{"line":243,"column":63}},"line":243},"18":{"name":"(anonymous_18)","decl":{"start":{"line":257,"column":39},"end":{"line":257,"column":40}},"loc":{"start":{"line":257,"column":45},"end":{"line":257,"column":81}},"line":257},"19":{"name":"(anonymous_19)","decl":{"start":{"line":264,"column":39},"end":{"line":264,"column":40}},"loc":{"start":{"line":264,"column":45},"end":{"line":264,"column":81}},"line":264},"20":{"name":"(anonymous_20)","decl":{"start":{"line":271,"column":39},"end":{"line":271,"column":40}},"loc":{"start":{"line":271,"column":45},"end":{"line":271,"column":81}},"line":271}},"branchMap":{"0":{"loc":{"start":{"line":60,"column":24},"end":{"line":63,"column":25}},"type":"if","locations":[{"start":{"line":60,"column":24},"end":{"line":63,"column":25}},{"start":{"line":60,"column":24},"end":{"line":63,"column":25}}],"line":60},"1":{"loc":{"start":{"line":80,"column":12},"end":{"line":82,"column":13}},"type":"if","locations":[{"start":{"line":80,"column":12},"end":{"line":82,"column":13}},{"start":{"line":80,"column":12},"end":{"line":82,"column":13}}],"line":80},"2":{"loc":{"start":{"line":86,"column":12},"end":{"line":88,"column":13}},"type":"if","locations":[{"start":{"line":86,"column":12},"end":{"line":88,"column":13}},{"start":{"line":86,"column":12},"end":{"line":88,"column":13}}],"line":86},"3":{"loc":{"start":{"line":101,"column":16},"end":{"line":108,"column":17}},"type":"if","locations":[{"start":{"line":101,"column":16},"end":{"line":108,"column":17}},{"start":{"line":101,"column":16},"end":{"line":108,"column":17}}],"line":101},"4":{"loc":{"start":{"line":152,"column":12},"end":{"line":155,"column":13}},"type":"if","locations":[{"start":{"line":152,"column":12},"end":{"line":155,"column":13}},{"start":{"line":152,"column":12},"end":{"line":155,"column":13}}],"line":152},"5":{"loc":{"start":{"line":156,"column":12},"end":{"line":159,"column":13}},"type":"if","locations":[{"start":{"line":156,"column":12},"end":{"line":159,"column":13}},{"start":{"line":156,"column":12},"end":{"line":159,"column":13}}],"line":156},"6":{"loc":{"start":{"line":160,"column":12},"end":{"line":163,"column":13}},"type":"if","locations":[{"start":{"line":160,"column":12},"end":{"line":163,"column":13}},{"start":{"line":160,"column":12},"end":{"line":163,"column":13}}],"line":160},"7":{"loc":{"start":{"line":219,"column":4},"end":{"line":225,"column":5}},"type":"if","locations":[{"start":{"line":219,"column":4},"end":{"line":225,"column":5}},{"start":{"line":219,"column":4},"end":{"line":225,"column":5}}],"line":219}},"s":{"0":1,"1":1,"2":1,"3":1,"4":1,"5":1,"6":0,"7":0,"8":0,"9":0,"10":0,"11":0,"12":0,"13":0,"14":0,"15":0,"16":0,"17":0,"18":0,"19":0,"20":0,"21":0,"22":0,"23":0,"24":0,"25":0,"26":0,"27":0,"28":0,"29":0,"30":0,"31":0,"32":0,"33":0,"34":0,"35":0,"36":0,"37":0,"38":0,"39":0,"40":0,"41":0,"42":0,"43":0,"44":0,"45":0,"46":0,"47":0,"48":0,"49":0,"50":0,"51":0,"52":0,"53":0,"54":0,"55":0,"56":0,"57":0,"58":0,"59":0,"60":0,"61":0,"62":0,"63":0,"64":0,"65":1,"66":1,"67":1,"68":0,"69":0,"70":0,"71":0,"72":0,"73":0,"74":1},"f":{"0":1,"1":1,"2":1,"3":0,"4":0,"5":0,"6":0,"7":0,"8":0,"9":0,"10":0,"11":0,"12":0,"13":0,"14":0,"15":1,"16":0,"17":0,"18":0,"19":0,"20":0},"b":{"0":[0,0],"1":[0,0],"2":[0,0],"3":[0,0],"4":[0,0],"5":[0,0],"6":[0,0],"7":[1,0]},"_coverageSchema":"332fd63041d2c1bcb487cc26dd0d5f7d97098a6c","hash":"134da580180e5af1e9c0c2a8d5c73e6e3ed3d6eb"}
,"/Users/tirathshah/Desktop/CS682/react_app/folio_app/my-app/screens/LoginScreen.js": {"path":"/Users/tirathshah/Desktop/CS682/react_app/folio_app/my-app/screens/LoginScreen.js","statementMap":{"0":{"start":{"line":30,"column":4},"end":{"line":30,"column":17}},"1":{"start":{"line":31,"column":4},"end":{"line":31,"column":23}},"2":{"start":{"line":32,"column":4},"end":{"line":32,"column":23}},"3":{"start":{"line":33,"column":4},"end":{"line":36,"column":5}},"4":{"start":{"line":41,"column":17},"end":{"line":44,"column":6}},"5":{"start":{"line":45,"column":16},"end":{"line":45,"column":42}},"6":{"start":{"line":46,"column":4},"end":{"line":46,"column":21}},"7":{"start":{"line":47,"column":4},"end":{"line":68,"column":9}},"8":{"start":{"line":54,"column":26},"end":{"line":54,"column":41}},"9":{"start":{"line":55,"column":28},"end":{"line":55,"column":55}},"10":{"start":{"line":57,"column":29},"end":{"line":57,"column":50}},"11":{"start":{"line":58,"column":8},"end":{"line":64,"column":11}},"12":{"start":{"line":67,"column":8},"end":{"line":67,"column":32}},"13":{"start":{"line":72,"column":4},"end":{"line":72,"column":80}},"14":{"start":{"line":77,"column":4},"end":{"line":122,"column":6}},"15":{"start":{"line":99,"column":16},"end":{"line":99,"column":37}},"16":{"start":{"line":110,"column":20},"end":{"line":110,"column":41}},"17":{"start":{"line":125,"column":20},"end":{"line":151,"column":2}}},"fnMap":{"0":{"name":"(anonymous_0)","decl":{"start":{"line":29,"column":2},"end":{"line":29,"column":3}},"loc":{"start":{"line":29,"column":21},"end":{"line":37,"column":3}},"line":29},"1":{"name":"(anonymous_1)","decl":{"start":{"line":39,"column":20},"end":{"line":39,"column":21}},"loc":{"start":{"line":39,"column":26},"end":{"line":69,"column":3}},"line":39},"2":{"name":"(anonymous_2)","decl":{"start":{"line":53,"column":12},"end":{"line":53,"column":13}},"loc":{"start":{"line":53,"column":26},"end":{"line":65,"column":7}},"line":53},"3":{"name":"(anonymous_3)","decl":{"start":{"line":66,"column":13},"end":{"line":66,"column":14}},"loc":{"start":{"line":66,"column":24},"end":{"line":68,"column":7}},"line":66},"4":{"name":"(anonymous_4)","decl":{"start":{"line":71,"column":26},"end":{"line":71,"column":27}},"loc":{"start":{"line":71,"column":32},"end":{"line":73,"column":3}},"line":71},"5":{"name":"(anonymous_5)","decl":{"start":{"line":76,"column":2},"end":{"line":76,"column":3}},"loc":{"start":{"line":76,"column":11},"end":{"line":123,"column":3}},"line":76},"6":{"name":"(anonymous_6)","decl":{"start":{"line":98,"column":30},"end":{"line":98,"column":31}},"loc":{"start":{"line":98,"column":40},"end":{"line":100,"column":15}},"line":98},"7":{"name":"(anonymous_7)","decl":{"start":{"line":109,"column":32},"end":{"line":109,"column":33}},"loc":{"start":{"line":109,"column":42},"end":{"line":111,"column":19}},"line":109}},"branchMap":{},"s":{"0":10,"1":10,"2":10,"3":10,"4":2,"5":2,"6":2,"7":2,"8":1,"9":1,"10":1,"11":0,"12":2,"13":0,"14":10,"15":0,"16":0,"17":1},"f":{"0":10,"1":2,"2":1,"3":2,"4":0,"5":10,"6":0,"7":0},"b":{},"_coverageSchema":"332fd63041d2c1bcb487cc26dd0d5f7d97098a6c","hash":"9753e696756ff06f09e08d18cad168335d4a05c5"}
,"/Users/tirathshah/Desktop/CS682/react_app/folio_app/my-app/screens/ProfileScreen.js": {"path":"/Users/tirathshah/Desktop/CS682/react_app/folio_app/my-app/screens/ProfileScreen.js","statementMap":{"0":{"start":{"line":54,"column":12},"end":{"line":54,"column":25}},"1":{"start":{"line":55,"column":12},"end":{"line":84,"column":13}},"2":{"start":{"line":88,"column":31},"end":{"line":95,"column":13}},"3":{"start":{"line":96,"column":22},"end":{"line":96,"column":106}},"4":{"start":{"line":97,"column":12},"end":{"line":397,"column":15}},"5":{"start":{"line":100,"column":20},"end":{"line":106,"column":21}},"6":{"start":{"line":101,"column":24},"end":{"line":103,"column":26}},"7":{"start":{"line":105,"column":24},"end":{"line":105,"column":60}},"8":{"start":{"line":109,"column":20},"end":{"line":109,"column":32}},"9":{"start":{"line":112,"column":41},"end":{"line":112,"column":80}},"10":{"start":{"line":113,"column":20},"end":{"line":229,"column":26}},"11":{"start":{"line":115,"column":28},"end":{"line":227,"column":29}},"12":{"start":{"line":116,"column":51},"end":{"line":116,"column":68}},"13":{"start":{"line":118,"column":32},"end":{"line":122,"column":33}},"14":{"start":{"line":119,"column":36},"end":{"line":121,"column":38}},"15":{"start":{"line":123,"column":32},"end":{"line":127,"column":33}},"16":{"start":{"line":124,"column":36},"end":{"line":126,"column":38}},"17":{"start":{"line":128,"column":32},"end":{"line":132,"column":33}},"18":{"start":{"line":129,"column":36},"end":{"line":131,"column":38}},"19":{"start":{"line":133,"column":32},"end":{"line":137,"column":33}},"20":{"start":{"line":134,"column":36},"end":{"line":136,"column":38}},"21":{"start":{"line":138,"column":32},"end":{"line":142,"column":33}},"22":{"start":{"line":139,"column":36},"end":{"line":141,"column":38}},"23":{"start":{"line":144,"column":32},"end":{"line":178,"column":33}},"24":{"start":{"line":145,"column":54},"end":{"line":145,"column":75}},"25":{"start":{"line":147,"column":36},"end":{"line":151,"column":37}},"26":{"start":{"line":148,"column":40},"end":{"line":150,"column":42}},"27":{"start":{"line":152,"column":36},"end":{"line":156,"column":37}},"28":{"start":{"line":153,"column":40},"end":{"line":155,"column":42}},"29":{"start":{"line":157,"column":36},"end":{"line":161,"column":37}},"30":{"start":{"line":158,"column":40},"end":{"line":160,"column":42}},"31":{"start":{"line":162,"column":36},"end":{"line":166,"column":37}},"32":{"start":{"line":163,"column":40},"end":{"line":165,"column":42}},"33":{"start":{"line":167,"column":36},"end":{"line":171,"column":37}},"34":{"start":{"line":168,"column":40},"end":{"line":170,"column":42}},"35":{"start":{"line":172,"column":36},"end":{"line":176,"column":37}},"36":{"start":{"line":173,"column":40},"end":{"line":175,"column":42}},"37":{"start":{"line":180,"column":32},"end":{"line":184,"column":33}},"38":{"start":{"line":181,"column":36},"end":{"line":183,"column":38}},"39":{"start":{"line":185,"column":32},"end":{"line":189,"column":33}},"40":{"start":{"line":186,"column":36},"end":{"line":188,"column":38}},"41":{"start":{"line":190,"column":32},"end":{"line":194,"column":33}},"42":{"start":{"line":191,"column":36},"end":{"line":193,"column":38}},"43":{"start":{"line":195,"column":32},"end":{"line":199,"column":33}},"44":{"start":{"line":196,"column":36},"end":{"line":198,"column":38}},"45":{"start":{"line":200,"column":32},"end":{"line":204,"column":33}},"46":{"start":{"line":201,"column":36},"end":{"line":203,"column":38}},"47":{"start":{"line":205,"column":32},"end":{"line":209,"column":33}},"48":{"start":{"line":206,"column":36},"end":{"line":208,"column":38}},"49":{"start":{"line":210,"column":32},"end":{"line":214,"column":33}},"50":{"start":{"line":211,"column":36},"end":{"line":213,"column":38}},"51":{"start":{"line":215,"column":32},"end":{"line":219,"column":33}},"52":{"start":{"line":216,"column":36},"end":{"line":218,"column":38}},"53":{"start":{"line":221,"column":32},"end":{"line":224,"column":34}},"54":{"start":{"line":226,"column":32},"end":{"line":226,"column":68}},"55":{"start":{"line":228,"column":28},"end":{"line":228,"column":46}},"56":{"start":{"line":233,"column":20},"end":{"line":233,"column":32}},"57":{"start":{"line":236,"column":30},"end":{"line":236,"column":127}},"58":{"start":{"line":237,"column":20},"end":{"line":392,"column":26}},"59":{"start":{"line":239,"column":47},"end":{"line":239,"column":64}},"60":{"start":{"line":240,"column":28},"end":{"line":242,"column":30}},"61":{"start":{"line":244,"column":28},"end":{"line":248,"column":29}},"62":{"start":{"line":245,"column":32},"end":{"line":245,"column":55}},"63":{"start":{"line":247,"column":32},"end":{"line":247,"column":68}},"64":{"start":{"line":249,"column":28},"end":{"line":249,"column":46}},"65":{"start":{"line":252,"column":28},"end":{"line":252,"column":40}},"66":{"start":{"line":257,"column":40},"end":{"line":257,"column":73}},"67":{"start":{"line":258,"column":35},"end":{"line":258,"column":37}},"68":{"start":{"line":259,"column":24},"end":{"line":261,"column":25}},"69":{"start":{"line":260,"column":28},"end":{"line":260,"column":77}},"70":{"start":{"line":262,"column":24},"end":{"line":306,"column":25}},"71":{"start":{"line":263,"column":28},"end":{"line":305,"column":34}},"72":{"start":{"line":264,"column":52},"end":{"line":284,"column":42}},"73":{"start":{"line":266,"column":44},"end":{"line":276,"column":45}},"74":{"start":{"line":267,"column":67},"end":{"line":267,"column":80}},"75":{"start":{"line":268,"column":48},"end":{"line":271,"column":51}},"76":{"start":{"line":272,"column":48},"end":{"line":272,"column":67}},"77":{"start":{"line":274,"column":48},"end":{"line":274,"column":84}},"78":{"start":{"line":277,"column":44},"end":{"line":279,"column":47}},"79":{"start":{"line":282,"column":44},"end":{"line":282,"column":65}},"80":{"start":{"line":283,"column":44},"end":{"line":283,"column":56}},"81":{"start":{"line":288,"column":36},"end":{"line":288,"column":57}},"82":{"start":{"line":289,"column":36},"end":{"line":289,"column":48}},"83":{"start":{"line":292,"column":49},"end":{"line":292,"column":61}},"84":{"start":{"line":293,"column":47},"end":{"line":293,"column":58}},"85":{"start":{"line":294,"column":36},"end":{"line":300,"column":37}},"86":{"start":{"line":295,"column":40},"end":{"line":299,"column":41}},"87":{"start":{"line":296,"column":44},"end":{"line":298,"column":45}},"88":{"start":{"line":297,"column":48},"end":{"line":297,"column":84}},"89":{"start":{"line":301,"column":36},"end":{"line":303,"column":39}},"90":{"start":{"line":307,"column":24},"end":{"line":307,"column":42}},"91":{"start":{"line":311,"column":41},"end":{"line":311,"column":46}},"92":{"start":{"line":312,"column":38},"end":{"line":312,"column":90}},"93":{"start":{"line":313,"column":28},"end":{"line":323,"column":34}},"94":{"start":{"line":315,"column":55},"end":{"line":315,"column":72}},"95":{"start":{"line":316,"column":36},"end":{"line":322,"column":37}},"96":{"start":{"line":317,"column":40},"end":{"line":319,"column":42}},"97":{"start":{"line":321,"column":40},"end":{"line":321,"column":76}},"98":{"start":{"line":324,"column":28},"end":{"line":324,"column":46}},"99":{"start":{"line":327,"column":28},"end":{"line":327,"column":40}},"100":{"start":{"line":331,"column":44},"end":{"line":331,"column":98}},"101":{"start":{"line":332,"column":39},"end":{"line":332,"column":41}},"102":{"start":{"line":333,"column":28},"end":{"line":335,"column":29}},"103":{"start":{"line":334,"column":32},"end":{"line":334,"column":129}},"104":{"start":{"line":336,"column":28},"end":{"line":336,"column":53}},"105":{"start":{"line":337,"column":28},"end":{"line":388,"column":29}},"106":{"start":{"line":338,"column":32},"end":{"line":387,"column":38}},"107":{"start":{"line":339,"column":56},"end":{"line":367,"column":46}},"108":{"start":{"line":341,"column":48},"end":{"line":341,"column":77}},"109":{"start":{"line":342,"column":48},"end":{"line":366,"column":49}},"110":{"start":{"line":343,"column":71},"end":{"line":343,"column":84}},"111":{"start":{"line":344,"column":62},"end":{"line":344,"column":63}},"112":{"start":{"line":345,"column":66},"end":{"line":345,"column":67}},"113":{"start":{"line":346,"column":52},"end":{"line":354,"column":53}},"114":{"start":{"line":347,"column":56},"end":{"line":350,"column":57}},"115":{"start":{"line":348,"column":60},"end":{"line":348,"column":68}},"116":{"start":{"line":349,"column":60},"end":{"line":349,"column":66}},"117":{"start":{"line":351,"column":56},"end":{"line":353,"column":57}},"118":{"start":{"line":352,"column":60},"end":{"line":352,"column":72}},"119":{"start":{"line":355,"column":64},"end":{"line":355,"column":95}},"120":{"start":{"line":356,"column":52},"end":{"line":356,"column":71}},"121":{"start":{"line":357,"column":52},"end":{"line":357,"column":124}},"122":{"start":{"line":358,"column":52},"end":{"line":358,"column":85}},"123":{"start":{"line":359,"column":52},"end":{"line":362,"column":55}},"124":{"start":{"line":363,"column":52},"end":{"line":365,"column":55}},"125":{"start":{"line":371,"column":40},"end":{"line":371,"column":52}},"126":{"start":{"line":374,"column":56},"end":{"line":374,"column":76}},"127":{"start":{"line":375,"column":51},"end":{"line":375,"column":62}},"128":{"start":{"line":376,"column":40},"end":{"line":382,"column":41}},"129":{"start":{"line":377,"column":44},"end":{"line":381,"column":45}},"130":{"start":{"line":378,"column":48},"end":{"line":380,"column":49}},"131":{"start":{"line":379,"column":52},"end":{"line":379,"column":93}},"132":{"start":{"line":383,"column":40},"end":{"line":385,"column":43}},"133":{"start":{"line":391,"column":28},"end":{"line":391,"column":40}},"134":{"start":{"line":396,"column":14},"end":{"line":396,"column":26}},"135":{"start":{"line":401,"column":12},"end":{"line":403,"column":14}},"136":{"start":{"line":407,"column":12},"end":{"line":409,"column":14}},"137":{"start":{"line":413,"column":12},"end":{"line":415,"column":14}},"138":{"start":{"line":419,"column":12},"end":{"line":421,"column":14}},"139":{"start":{"line":425,"column":12},"end":{"line":427,"column":14}},"140":{"start":{"line":431,"column":12},"end":{"line":433,"column":14}},"141":{"start":{"line":437,"column":12},"end":{"line":439,"column":14}},"142":{"start":{"line":443,"column":12},"end":{"line":445,"column":14}},"143":{"start":{"line":449,"column":12},"end":{"line":451,"column":14}},"144":{"start":{"line":455,"column":12},"end":{"line":457,"column":14}},"145":{"start":{"line":461,"column":12},"end":{"line":463,"column":14}},"146":{"start":{"line":468,"column":29},"end":{"line":468,"column":44}},"147":{"start":{"line":470,"column":12},"end":{"line":470,"column":65}},"148":{"start":{"line":471,"column":12},"end":{"line":471,"column":63}},"149":{"start":{"line":472,"column":12},"end":{"line":472,"column":54}},"150":{"start":{"line":473,"column":12},"end":{"line":473,"column":69}},"151":{"start":{"line":475,"column":12},"end":{"line":477,"column":14}},"152":{"start":{"line":479,"column":31},"end":{"line":487,"column":13}},"153":{"start":{"line":488,"column":23},"end":{"line":488,"column":49}},"154":{"start":{"line":490,"column":22},"end":{"line":490,"column":61}},"155":{"start":{"line":491,"column":12},"end":{"line":501,"column":19}},"156":{"start":{"line":493,"column":20},"end":{"line":497,"column":21}},"157":{"start":{"line":494,"column":24},"end":{"line":494,"column":68}},"158":{"start":{"line":496,"column":24},"end":{"line":496,"column":60}},"159":{"start":{"line":500,"column":20},"end":{"line":500,"column":41}},"160":{"start":{"line":506,"column":29},"end":{"line":506,"column":72}},"161":{"start":{"line":508,"column":12},"end":{"line":511,"column":19}},"162":{"start":{"line":509,"column":16},"end":{"line":511,"column":19}},"163":{"start":{"line":513,"column":12},"end":{"line":513,"column":86}},"164":{"start":{"line":514,"column":12},"end":{"line":514,"column":84}},"165":{"start":{"line":515,"column":12},"end":{"line":515,"column":84}},"166":{"start":{"line":516,"column":12},"end":{"line":516,"column":68}},"167":{"start":{"line":517,"column":12},"end":{"line":517,"column":80}},"168":{"start":{"line":518,"column":12},"end":{"line":518,"column":88}},"169":{"start":{"line":520,"column":12},"end":{"line":522,"column":14}},"170":{"start":{"line":524,"column":31},"end":{"line":532,"column":13}},"171":{"start":{"line":533,"column":23},"end":{"line":533,"column":49}},"172":{"start":{"line":535,"column":22},"end":{"line":535,"column":61}},"173":{"start":{"line":536,"column":12},"end":{"line":544,"column":18}},"174":{"start":{"line":539,"column":20},"end":{"line":543,"column":21}},"175":{"start":{"line":540,"column":24},"end":{"line":540,"column":68}},"176":{"start":{"line":542,"column":24},"end":{"line":542,"column":60}},"177":{"start":{"line":550,"column":29},"end":{"line":550,"column":44}},"178":{"start":{"line":551,"column":12},"end":{"line":551,"column":57}},"179":{"start":{"line":552,"column":12},"end":{"line":552,"column":57}},"180":{"start":{"line":554,"column":12},"end":{"line":556,"column":14}},"181":{"start":{"line":558,"column":31},"end":{"line":566,"column":13}},"182":{"start":{"line":568,"column":23},"end":{"line":568,"column":49}},"183":{"start":{"line":570,"column":22},"end":{"line":570,"column":61}},"184":{"start":{"line":571,"column":12},"end":{"line":578,"column":18}},"185":{"start":{"line":573,"column":20},"end":{"line":577,"column":21}},"186":{"start":{"line":574,"column":24},"end":{"line":574,"column":68}},"187":{"start":{"line":576,"column":24},"end":{"line":576,"column":60}},"188":{"start":{"line":582,"column":22},"end":{"line":582,"column":44}},"189":{"start":{"line":583,"column":12},"end":{"line":593,"column":13}},"190":{"start":{"line":584,"column":16},"end":{"line":584,"column":27}},"191":{"start":{"line":585,"column":16},"end":{"line":587,"column":19}},"192":{"start":{"line":589,"column":16},"end":{"line":589,"column":28}},"193":{"start":{"line":590,"column":16},"end":{"line":592,"column":19}},"194":{"start":{"line":597,"column":22},"end":{"line":597,"column":51}},"195":{"start":{"line":598,"column":12},"end":{"line":608,"column":13}},"196":{"start":{"line":599,"column":16},"end":{"line":599,"column":27}},"197":{"start":{"line":600,"column":16},"end":{"line":602,"column":19}},"198":{"start":{"line":604,"column":16},"end":{"line":604,"column":28}},"199":{"start":{"line":605,"column":16},"end":{"line":607,"column":19}},"200":{"start":{"line":612,"column":22},"end":{"line":612,"column":52}},"201":{"start":{"line":613,"column":12},"end":{"line":623,"column":13}},"202":{"start":{"line":614,"column":16},"end":{"line":614,"column":27}},"203":{"start":{"line":615,"column":16},"end":{"line":617,"column":19}},"204":{"start":{"line":619,"column":16},"end":{"line":619,"column":28}},"205":{"start":{"line":620,"column":16},"end":{"line":622,"column":19}},"206":{"start":{"line":627,"column":22},"end":{"line":627,"column":48}},"207":{"start":{"line":628,"column":12},"end":{"line":638,"column":13}},"208":{"start":{"line":629,"column":16},"end":{"line":629,"column":27}},"209":{"start":{"line":630,"column":16},"end":{"line":632,"column":19}},"210":{"start":{"line":634,"column":16},"end":{"line":634,"column":28}},"211":{"start":{"line":635,"column":16},"end":{"line":637,"column":19}},"212":{"start":{"line":641,"column":41},"end":{"line":641,"column":48}},"213":{"start":{"line":647,"column":20},"end":{"line":647,"column":116}},"214":{"start":{"line":648,"column":21},"end":{"line":648,"column":124}},"215":{"start":{"line":649,"column":21},"end":{"line":649,"column":125}},"216":{"start":{"line":650,"column":21},"end":{"line":650,"column":121}},"217":{"start":{"line":652,"column":10},"end":{"line":960,"column":11}},"218":{"start":{"line":670,"column":32},"end":{"line":670,"column":53}},"219":{"start":{"line":700,"column":43},"end":{"line":700,"column":73}},"220":{"start":{"line":712,"column":41},"end":{"line":712,"column":70}},"221":{"start":{"line":724,"column":43},"end":{"line":724,"column":72}},"222":{"start":{"line":740,"column":43},"end":{"line":740,"column":77}},"223":{"start":{"line":769,"column":32},"end":{"line":769,"column":60}},"224":{"start":{"line":796,"column":43},"end":{"line":796,"column":69}},"225":{"start":{"line":808,"column":43},"end":{"line":808,"column":75}},"226":{"start":{"line":824,"column":32},"end":{"line":824,"column":61}},"227":{"start":{"line":851,"column":43},"end":{"line":851,"column":76}},"228":{"start":{"line":861,"column":43},"end":{"line":861,"column":76}},"229":{"start":{"line":872,"column":43},"end":{"line":872,"column":68}},"230":{"start":{"line":883,"column":43},"end":{"line":883,"column":74}},"231":{"start":{"line":893,"column":44},"end":{"line":893,"column":79}},"232":{"start":{"line":912,"column":32},"end":{"line":912,"column":57}},"233":{"start":{"line":925,"column":40},"end":{"line":953,"column":23}},"234":{"start":{"line":964,"column":15},"end":{"line":973,"column":2}}},"fnMap":{"0":{"name":"(anonymous_0)","decl":{"start":{"line":53,"column":8},"end":{"line":53,"column":9}},"loc":{"start":{"line":53,"column":27},"end":{"line":85,"column":9}},"line":53},"1":{"name":"(anonymous_1)","decl":{"start":{"line":87,"column":28},"end":{"line":87,"column":29}},"loc":{"start":{"line":87,"column":34},"end":{"line":398,"column":9}},"line":87},"2":{"name":"(anonymous_2)","decl":{"start":{"line":98,"column":22},"end":{"line":98,"column":23}},"loc":{"start":{"line":98,"column":40},"end":{"line":107,"column":17}},"line":98},"3":{"name":"(anonymous_3)","decl":{"start":{"line":108,"column":23},"end":{"line":108,"column":24}},"loc":{"start":{"line":108,"column":34},"end":{"line":110,"column":17}},"line":108},"4":{"name":"(anonymous_4)","decl":{"start":{"line":111,"column":22},"end":{"line":111,"column":23}},"loc":{"start":{"line":111,"column":28},"end":{"line":231,"column":17}},"line":111},"5":{"name":"(anonymous_5)","decl":{"start":{"line":114,"column":30},"end":{"line":114,"column":31}},"loc":{"start":{"line":114,"column":48},"end":{"line":229,"column":25}},"line":114},"6":{"name":"(anonymous_6)","decl":{"start":{"line":232,"column":23},"end":{"line":232,"column":24}},"loc":{"start":{"line":232,"column":34},"end":{"line":234,"column":17}},"line":232},"7":{"name":"(anonymous_7)","decl":{"start":{"line":235,"column":22},"end":{"line":235,"column":23}},"loc":{"start":{"line":235,"column":28},"end":{"line":393,"column":17}},"line":235},"8":{"name":"(anonymous_8)","decl":{"start":{"line":238,"column":30},"end":{"line":238,"column":31}},"loc":{"start":{"line":238,"column":48},"end":{"line":250,"column":25}},"line":238},"9":{"name":"(anonymous_9)","decl":{"start":{"line":251,"column":31},"end":{"line":251,"column":32}},"loc":{"start":{"line":251,"column":42},"end":{"line":253,"column":25}},"line":251},"10":{"name":"(anonymous_10)","decl":{"start":{"line":255,"column":26},"end":{"line":255,"column":27}},"loc":{"start":{"line":255,"column":37},"end":{"line":308,"column":21}},"line":255},"11":{"name":"(anonymous_11)","decl":{"start":{"line":264,"column":45},"end":{"line":264,"column":46}},"loc":{"start":{"line":264,"column":52},"end":{"line":284,"column":42}},"line":264},"12":{"name":"(anonymous_12)","decl":{"start":{"line":265,"column":46},"end":{"line":265,"column":47}},"loc":{"start":{"line":265,"column":62},"end":{"line":280,"column":41}},"line":265},"13":{"name":"(anonymous_13)","decl":{"start":{"line":281,"column":47},"end":{"line":281,"column":48}},"loc":{"start":{"line":281,"column":58},"end":{"line":284,"column":41}},"line":281},"14":{"name":"(anonymous_14)","decl":{"start":{"line":287,"column":39},"end":{"line":287,"column":40}},"loc":{"start":{"line":287,"column":50},"end":{"line":290,"column":33}},"line":287},"15":{"name":"(anonymous_15)","decl":{"start":{"line":291,"column":38},"end":{"line":291,"column":39}},"loc":{"start":{"line":291,"column":44},"end":{"line":305,"column":33}},"line":291},"16":{"name":"(anonymous_16)","decl":{"start":{"line":310,"column":26},"end":{"line":310,"column":27}},"loc":{"start":{"line":310,"column":37},"end":{"line":325,"column":25}},"line":310},"17":{"name":"(anonymous_17)","decl":{"start":{"line":314,"column":38},"end":{"line":314,"column":39}},"loc":{"start":{"line":314,"column":56},"end":{"line":323,"column":33}},"line":314},"18":{"name":"(anonymous_18)","decl":{"start":{"line":326,"column":31},"end":{"line":326,"column":32}},"loc":{"start":{"line":326,"column":42},"end":{"line":328,"column":25}},"line":326},"19":{"name":"(anonymous_19)","decl":{"start":{"line":329,"column":30},"end":{"line":329,"column":31}},"loc":{"start":{"line":329,"column":41},"end":{"line":389,"column":25}},"line":329},"20":{"name":"(anonymous_20)","decl":{"start":{"line":339,"column":49},"end":{"line":339,"column":50}},"loc":{"start":{"line":339,"column":56},"end":{"line":367,"column":46}},"line":339},"21":{"name":"(anonymous_21)","decl":{"start":{"line":340,"column":50},"end":{"line":340,"column":51}},"loc":{"start":{"line":340,"column":64},"end":{"line":367,"column":45}},"line":340},"22":{"name":"(anonymous_22)","decl":{"start":{"line":370,"column":43},"end":{"line":370,"column":44}},"loc":{"start":{"line":370,"column":54},"end":{"line":372,"column":37}},"line":370},"23":{"name":"(anonymous_23)","decl":{"start":{"line":373,"column":42},"end":{"line":373,"column":43}},"loc":{"start":{"line":373,"column":48},"end":{"line":387,"column":37}},"line":373},"24":{"name":"(anonymous_24)","decl":{"start":{"line":390,"column":31},"end":{"line":390,"column":32}},"loc":{"start":{"line":390,"column":42},"end":{"line":392,"column":25}},"line":390},"25":{"name":"(anonymous_25)","decl":{"start":{"line":395,"column":19},"end":{"line":395,"column":20}},"loc":{"start":{"line":395,"column":30},"end":{"line":397,"column":13}},"line":395},"26":{"name":"(anonymous_26)","decl":{"start":{"line":400,"column":8},"end":{"line":400,"column":9}},"loc":{"start":{"line":400,"column":34},"end":{"line":404,"column":9}},"line":400},"27":{"name":"(anonymous_27)","decl":{"start":{"line":406,"column":8},"end":{"line":406,"column":9}},"loc":{"start":{"line":406,"column":33},"end":{"line":410,"column":9}},"line":406},"28":{"name":"(anonymous_28)","decl":{"start":{"line":412,"column":8},"end":{"line":412,"column":9}},"loc":{"start":{"line":412,"column":30},"end":{"line":416,"column":9}},"line":412},"29":{"name":"(anonymous_29)","decl":{"start":{"line":418,"column":8},"end":{"line":418,"column":9}},"loc":{"start":{"line":418,"column":36},"end":{"line":422,"column":9}},"line":418},"30":{"name":"(anonymous_30)","decl":{"start":{"line":424,"column":8},"end":{"line":424,"column":9}},"loc":{"start":{"line":424,"column":33},"end":{"line":428,"column":9}},"line":424},"31":{"name":"(anonymous_31)","decl":{"start":{"line":430,"column":8},"end":{"line":430,"column":9}},"loc":{"start":{"line":430,"column":37},"end":{"line":434,"column":9}},"line":430},"32":{"name":"(anonymous_32)","decl":{"start":{"line":436,"column":8},"end":{"line":436,"column":9}},"loc":{"start":{"line":436,"column":37},"end":{"line":440,"column":9}},"line":436},"33":{"name":"(anonymous_33)","decl":{"start":{"line":442,"column":8},"end":{"line":442,"column":9}},"loc":{"start":{"line":442,"column":29},"end":{"line":446,"column":9}},"line":442},"34":{"name":"(anonymous_34)","decl":{"start":{"line":448,"column":8},"end":{"line":448,"column":9}},"loc":{"start":{"line":448,"column":35},"end":{"line":452,"column":9}},"line":448},"35":{"name":"(anonymous_35)","decl":{"start":{"line":454,"column":8},"end":{"line":454,"column":9}},"loc":{"start":{"line":454,"column":39},"end":{"line":458,"column":9}},"line":454},"36":{"name":"(anonymous_36)","decl":{"start":{"line":460,"column":8},"end":{"line":460,"column":9}},"loc":{"start":{"line":460,"column":36},"end":{"line":464,"column":9}},"line":460},"37":{"name":"(anonymous_37)","decl":{"start":{"line":466,"column":44},"end":{"line":466,"column":45}},"loc":{"start":{"line":466,"column":50},"end":{"line":502,"column":9}},"line":466},"38":{"name":"(anonymous_38)","decl":{"start":{"line":492,"column":22},"end":{"line":492,"column":23}},"loc":{"start":{"line":492,"column":36},"end":{"line":498,"column":17}},"line":492},"39":{"name":"(anonymous_39)","decl":{"start":{"line":499,"column":23},"end":{"line":499,"column":24}},"loc":{"start":{"line":499,"column":34},"end":{"line":501,"column":17}},"line":499},"40":{"name":"(anonymous_40)","decl":{"start":{"line":504,"column":44},"end":{"line":504,"column":45}},"loc":{"start":{"line":504,"column":50},"end":{"line":546,"column":9}},"line":504},"41":{"name":"(anonymous_41)","decl":{"start":{"line":537,"column":22},"end":{"line":537,"column":23}},"loc":{"start":{"line":537,"column":36},"end":{"line":544,"column":17}},"line":537},"42":{"name":"(anonymous_42)","decl":{"start":{"line":548,"column":43},"end":{"line":548,"column":44}},"loc":{"start":{"line":548,"column":49},"end":{"line":579,"column":9}},"line":548},"43":{"name":"(anonymous_43)","decl":{"start":{"line":572,"column":22},"end":{"line":572,"column":23}},"loc":{"start":{"line":572,"column":36},"end":{"line":578,"column":17}},"line":572},"44":{"name":"(anonymous_44)","decl":{"start":{"line":581,"column":8},"end":{"line":581,"column":9}},"loc":{"start":{"line":581,"column":25},"end":{"line":594,"column":9}},"line":581},"45":{"name":"(anonymous_45)","decl":{"start":{"line":596,"column":8},"end":{"line":596,"column":9}},"loc":{"start":{"line":596,"column":32},"end":{"line":609,"column":9}},"line":596},"46":{"name":"(anonymous_46)","decl":{"start":{"line":611,"column":8},"end":{"line":611,"column":9}},"loc":{"start":{"line":611,"column":33},"end":{"line":624,"column":9}},"line":611},"47":{"name":"(anonymous_47)","decl":{"start":{"line":626,"column":8},"end":{"line":626,"column":9}},"loc":{"start":{"line":626,"column":29},"end":{"line":639,"column":9}},"line":626},"48":{"name":"(anonymous_48)","decl":{"start":{"line":641,"column":24},"end":{"line":641,"column":25}},"loc":{"start":{"line":641,"column":41},"end":{"line":641,"column":48}},"line":641},"49":{"name":"(anonymous_49)","decl":{"start":{"line":643,"column":8},"end":{"line":643,"column":9}},"loc":{"start":{"line":643,"column":17},"end":{"line":961,"column":10}},"line":643},"50":{"name":"(anonymous_50)","decl":{"start":{"line":670,"column":25},"end":{"line":670,"column":26}},"loc":{"start":{"line":670,"column":31},"end":{"line":670,"column":54}},"line":670},"51":{"name":"(anonymous_51)","decl":{"start":{"line":700,"column":32},"end":{"line":700,"column":33}},"loc":{"start":{"line":700,"column":43},"end":{"line":700,"column":73}},"line":700},"52":{"name":"(anonymous_52)","decl":{"start":{"line":712,"column":30},"end":{"line":712,"column":31}},"loc":{"start":{"line":712,"column":41},"end":{"line":712,"column":70}},"line":712},"53":{"name":"(anonymous_53)","decl":{"start":{"line":724,"column":32},"end":{"line":724,"column":33}},"loc":{"start":{"line":724,"column":43},"end":{"line":724,"column":72}},"line":724},"54":{"name":"(anonymous_54)","decl":{"start":{"line":740,"column":32},"end":{"line":740,"column":33}},"loc":{"start":{"line":740,"column":42},"end":{"line":740,"column":78}},"line":740},"55":{"name":"(anonymous_55)","decl":{"start":{"line":769,"column":25},"end":{"line":769,"column":26}},"loc":{"start":{"line":769,"column":31},"end":{"line":769,"column":61}},"line":769},"56":{"name":"(anonymous_56)","decl":{"start":{"line":796,"column":32},"end":{"line":796,"column":33}},"loc":{"start":{"line":796,"column":43},"end":{"line":796,"column":69}},"line":796},"57":{"name":"(anonymous_57)","decl":{"start":{"line":808,"column":32},"end":{"line":808,"column":33}},"loc":{"start":{"line":808,"column":43},"end":{"line":808,"column":75}},"line":808},"58":{"name":"(anonymous_58)","decl":{"start":{"line":824,"column":25},"end":{"line":824,"column":26}},"loc":{"start":{"line":824,"column":31},"end":{"line":824,"column":62}},"line":824},"59":{"name":"(anonymous_59)","decl":{"start":{"line":851,"column":32},"end":{"line":851,"column":33}},"loc":{"start":{"line":851,"column":43},"end":{"line":851,"column":76}},"line":851},"60":{"name":"(anonymous_60)","decl":{"start":{"line":861,"column":32},"end":{"line":861,"column":33}},"loc":{"start":{"line":861,"column":43},"end":{"line":861,"column":76}},"line":861},"61":{"name":"(anonymous_61)","decl":{"start":{"line":872,"column":32},"end":{"line":872,"column":33}},"loc":{"start":{"line":872,"column":43},"end":{"line":872,"column":68}},"line":872},"62":{"name":"(anonymous_62)","decl":{"start":{"line":883,"column":32},"end":{"line":883,"column":33}},"loc":{"start":{"line":883,"column":43},"end":{"line":883,"column":74}},"line":883},"63":{"name":"(anonymous_63)","decl":{"start":{"line":893,"column":33},"end":{"line":893,"column":34}},"loc":{"start":{"line":893,"column":44},"end":{"line":893,"column":79}},"line":893},"64":{"name":"(anonymous_64)","decl":{"start":{"line":912,"column":25},"end":{"line":912,"column":26}},"loc":{"start":{"line":912,"column":31},"end":{"line":912,"column":58}},"line":912},"65":{"name":"(anonymous_65)","decl":{"start":{"line":925,"column":28},"end":{"line":925,"column":29}},"loc":{"start":{"line":925,"column":40},"end":{"line":953,"column":23}},"line":925}},"branchMap":{"0":{"loc":{"start":{"line":100,"column":20},"end":{"line":106,"column":21}},"type":"if","locations":[{"start":{"line":100,"column":20},"end":{"line":106,"column":21}},{"start":{"line":100,"column":20},"end":{"line":106,"column":21}}],"line":100},"1":{"loc":{"start":{"line":115,"column":28},"end":{"line":227,"column":29}},"type":"if","locations":[{"start":{"line":115,"column":28},"end":{"line":227,"column":29}},{"start":{"line":115,"column":28},"end":{"line":227,"column":29}}],"line":115},"2":{"loc":{"start":{"line":118,"column":32},"end":{"line":122,"column":33}},"type":"if","locations":[{"start":{"line":118,"column":32},"end":{"line":122,"column":33}},{"start":{"line":118,"column":32},"end":{"line":122,"column":33}}],"line":118},"3":{"loc":{"start":{"line":123,"column":32},"end":{"line":127,"column":33}},"type":"if","locations":[{"start":{"line":123,"column":32},"end":{"line":127,"column":33}},{"start":{"line":123,"column":32},"end":{"line":127,"column":33}}],"line":123},"4":{"loc":{"start":{"line":128,"column":32},"end":{"line":132,"column":33}},"type":"if","locations":[{"start":{"line":128,"column":32},"end":{"line":132,"column":33}},{"start":{"line":128,"column":32},"end":{"line":132,"column":33}}],"line":128},"5":{"loc":{"start":{"line":133,"column":32},"end":{"line":137,"column":33}},"type":"if","locations":[{"start":{"line":133,"column":32},"end":{"line":137,"column":33}},{"start":{"line":133,"column":32},"end":{"line":137,"column":33}}],"line":133},"6":{"loc":{"start":{"line":138,"column":32},"end":{"line":142,"column":33}},"type":"if","locations":[{"start":{"line":138,"column":32},"end":{"line":142,"column":33}},{"start":{"line":138,"column":32},"end":{"line":142,"column":33}}],"line":138},"7":{"loc":{"start":{"line":144,"column":32},"end":{"line":178,"column":33}},"type":"if","locations":[{"start":{"line":144,"column":32},"end":{"line":178,"column":33}},{"start":{"line":144,"column":32},"end":{"line":178,"column":33}}],"line":144},"8":{"loc":{"start":{"line":147,"column":36},"end":{"line":151,"column":37}},"type":"if","locations":[{"start":{"line":147,"column":36},"end":{"line":151,"column":37}},{"start":{"line":147,"column":36},"end":{"line":151,"column":37}}],"line":147},"9":{"loc":{"start":{"line":152,"column":36},"end":{"line":156,"column":37}},"type":"if","locations":[{"start":{"line":152,"column":36},"end":{"line":156,"column":37}},{"start":{"line":152,"column":36},"end":{"line":156,"column":37}}],"line":152},"10":{"loc":{"start":{"line":157,"column":36},"end":{"line":161,"column":37}},"type":"if","locations":[{"start":{"line":157,"column":36},"end":{"line":161,"column":37}},{"start":{"line":157,"column":36},"end":{"line":161,"column":37}}],"line":157},"11":{"loc":{"start":{"line":162,"column":36},"end":{"line":166,"column":37}},"type":"if","locations":[{"start":{"line":162,"column":36},"end":{"line":166,"column":37}},{"start":{"line":162,"column":36},"end":{"line":166,"column":37}}],"line":162},"12":{"loc":{"start":{"line":167,"column":36},"end":{"line":171,"column":37}},"type":"if","locations":[{"start":{"line":167,"column":36},"end":{"line":171,"column":37}},{"start":{"line":167,"column":36},"end":{"line":171,"column":37}}],"line":167},"13":{"loc":{"start":{"line":172,"column":36},"end":{"line":176,"column":37}},"type":"if","locations":[{"start":{"line":172,"column":36},"end":{"line":176,"column":37}},{"start":{"line":172,"column":36},"end":{"line":176,"column":37}}],"line":172},"14":{"loc":{"start":{"line":180,"column":32},"end":{"line":184,"column":33}},"type":"if","locations":[{"start":{"line":180,"column":32},"end":{"line":184,"column":33}},{"start":{"line":180,"column":32},"end":{"line":184,"column":33}}],"line":180},"15":{"loc":{"start":{"line":185,"column":32},"end":{"line":189,"column":33}},"type":"if","locations":[{"start":{"line":185,"column":32},"end":{"line":189,"column":33}},{"start":{"line":185,"column":32},"end":{"line":189,"column":33}}],"line":185},"16":{"loc":{"start":{"line":190,"column":32},"end":{"line":194,"column":33}},"type":"if","locations":[{"start":{"line":190,"column":32},"end":{"line":194,"column":33}},{"start":{"line":190,"column":32},"end":{"line":194,"column":33}}],"line":190},"17":{"loc":{"start":{"line":195,"column":32},"end":{"line":199,"column":33}},"type":"if","locations":[{"start":{"line":195,"column":32},"end":{"line":199,"column":33}},{"start":{"line":195,"column":32},"end":{"line":199,"column":33}}],"line":195},"18":{"loc":{"start":{"line":200,"column":32},"end":{"line":204,"column":33}},"type":"if","locations":[{"start":{"line":200,"column":32},"end":{"line":204,"column":33}},{"start":{"line":200,"column":32},"end":{"line":204,"column":33}}],"line":200},"19":{"loc":{"start":{"line":205,"column":32},"end":{"line":209,"column":33}},"type":"if","locations":[{"start":{"line":205,"column":32},"end":{"line":209,"column":33}},{"start":{"line":205,"column":32},"end":{"line":209,"column":33}}],"line":205},"20":{"loc":{"start":{"line":210,"column":32},"end":{"line":214,"column":33}},"type":"if","locations":[{"start":{"line":210,"column":32},"end":{"line":214,"column":33}},{"start":{"line":210,"column":32},"end":{"line":214,"column":33}}],"line":210},"21":{"loc":{"start":{"line":215,"column":32},"end":{"line":219,"column":33}},"type":"if","locations":[{"start":{"line":215,"column":32},"end":{"line":219,"column":33}},{"start":{"line":215,"column":32},"end":{"line":219,"column":33}}],"line":215},"22":{"loc":{"start":{"line":244,"column":28},"end":{"line":248,"column":29}},"type":"if","locations":[{"start":{"line":244,"column":28},"end":{"line":248,"column":29}},{"start":{"line":244,"column":28},"end":{"line":248,"column":29}}],"line":244},"23":{"loc":{"start":{"line":262,"column":24},"end":{"line":306,"column":25}},"type":"if","locations":[{"start":{"line":262,"column":24},"end":{"line":306,"column":25}},{"start":{"line":262,"column":24},"end":{"line":306,"column":25}}],"line":262},"24":{"loc":{"start":{"line":266,"column":44},"end":{"line":276,"column":45}},"type":"if","locations":[{"start":{"line":266,"column":44},"end":{"line":276,"column":45}},{"start":{"line":266,"column":44},"end":{"line":276,"column":45}}],"line":266},"25":{"loc":{"start":{"line":296,"column":44},"end":{"line":298,"column":45}},"type":"if","locations":[{"start":{"line":296,"column":44},"end":{"line":298,"column":45}},{"start":{"line":296,"column":44},"end":{"line":298,"column":45}}],"line":296},"26":{"loc":{"start":{"line":316,"column":36},"end":{"line":322,"column":37}},"type":"if","locations":[{"start":{"line":316,"column":36},"end":{"line":322,"column":37}},{"start":{"line":316,"column":36},"end":{"line":322,"column":37}}],"line":316},"27":{"loc":{"start":{"line":337,"column":28},"end":{"line":388,"column":29}},"type":"if","locations":[{"start":{"line":337,"column":28},"end":{"line":388,"column":29}},{"start":{"line":337,"column":28},"end":{"line":388,"column":29}}],"line":337},"28":{"loc":{"start":{"line":342,"column":48},"end":{"line":366,"column":49}},"type":"if","locations":[{"start":{"line":342,"column":48},"end":{"line":366,"column":49}},{"start":{"line":342,"column":48},"end":{"line":366,"column":49}}],"line":342},"29":{"loc":{"start":{"line":347,"column":56},"end":{"line":350,"column":57}},"type":"if","locations":[{"start":{"line":347,"column":56},"end":{"line":350,"column":57}},{"start":{"line":347,"column":56},"end":{"line":350,"column":57}}],"line":347},"30":{"loc":{"start":{"line":351,"column":56},"end":{"line":353,"column":57}},"type":"if","locations":[{"start":{"line":351,"column":56},"end":{"line":353,"column":57}},{"start":{"line":351,"column":56},"end":{"line":353,"column":57}}],"line":351},"31":{"loc":{"start":{"line":378,"column":48},"end":{"line":380,"column":49}},"type":"if","locations":[{"start":{"line":378,"column":48},"end":{"line":380,"column":49}},{"start":{"line":378,"column":48},"end":{"line":380,"column":49}}],"line":378},"32":{"loc":{"start":{"line":493,"column":20},"end":{"line":497,"column":21}},"type":"if","locations":[{"start":{"line":493,"column":20},"end":{"line":497,"column":21}},{"start":{"line":493,"column":20},"end":{"line":497,"column":21}}],"line":493},"33":{"loc":{"start":{"line":508,"column":12},"end":{"line":511,"column":19}},"type":"if","locations":[{"start":{"line":508,"column":12},"end":{"line":511,"column":19}},{"start":{"line":508,"column":12},"end":{"line":511,"column":19}}],"line":508},"34":{"loc":{"start":{"line":539,"column":20},"end":{"line":543,"column":21}},"type":"if","locations":[{"start":{"line":539,"column":20},"end":{"line":543,"column":21}},{"start":{"line":539,"column":20},"end":{"line":543,"column":21}}],"line":539},"35":{"loc":{"start":{"line":573,"column":20},"end":{"line":577,"column":21}},"type":"if","locations":[{"start":{"line":573,"column":20},"end":{"line":577,"column":21}},{"start":{"line":573,"column":20},"end":{"line":577,"column":21}}],"line":573},"36":{"loc":{"start":{"line":583,"column":12},"end":{"line":593,"column":13}},"type":"if","locations":[{"start":{"line":583,"column":12},"end":{"line":593,"column":13}},{"start":{"line":583,"column":12},"end":{"line":593,"column":13}}],"line":583},"37":{"loc":{"start":{"line":598,"column":12},"end":{"line":608,"column":13}},"type":"if","locations":[{"start":{"line":598,"column":12},"end":{"line":608,"column":13}},{"start":{"line":598,"column":12},"end":{"line":608,"column":13}}],"line":598},"38":{"loc":{"start":{"line":613,"column":12},"end":{"line":623,"column":13}},"type":"if","locations":[{"start":{"line":613,"column":12},"end":{"line":623,"column":13}},{"start":{"line":613,"column":12},"end":{"line":623,"column":13}}],"line":613},"39":{"loc":{"start":{"line":628,"column":12},"end":{"line":638,"column":13}},"type":"if","locations":[{"start":{"line":628,"column":12},"end":{"line":638,"column":13}},{"start":{"line":628,"column":12},"end":{"line":638,"column":13}}],"line":628},"40":{"loc":{"start":{"line":647,"column":20},"end":{"line":647,"column":116}},"type":"cond-expr","locations":[{"start":{"line":647,"column":46},"end":{"line":647,"column":80}},{"start":{"line":647,"column":83},"end":{"line":647,"column":116}}],"line":647},"41":{"loc":{"start":{"line":648,"column":21},"end":{"line":648,"column":124}},"type":"cond-expr","locations":[{"start":{"line":648,"column":54},"end":{"line":648,"column":88}},{"start":{"line":648,"column":91},"end":{"line":648,"column":124}}],"line":648},"42":{"loc":{"start":{"line":649,"column":21},"end":{"line":649,"column":125}},"type":"cond-expr","locations":[{"start":{"line":649,"column":55},"end":{"line":649,"column":89}},{"start":{"line":649,"column":92},"end":{"line":649,"column":125}}],"line":649},"43":{"loc":{"start":{"line":650,"column":21},"end":{"line":650,"column":121}},"type":"cond-expr","locations":[{"start":{"line":650,"column":51},"end":{"line":650,"column":85}},{"start":{"line":650,"column":88},"end":{"line":650,"column":121}}],"line":650},"44":{"loc":{"start":{"line":936,"column":21},"end":{"line":936,"column":218}},"type":"cond-expr","locations":[{"start":{"line":936,"column":49},"end":{"line":936,"column":134}},{"start":{"line":936,"column":136},"end":{"line":936,"column":218}}],"line":936},"45":{"loc":{"start":{"line":947,"column":21},"end":{"line":947,"column":135}},"type":"cond-expr","locations":[{"start":{"line":947,"column":49},"end":{"line":947,"column":129}},{"start":{"line":947,"column":131},"end":{"line":947,"column":135}}],"line":947},"46":{"loc":{"start":{"line":948,"column":21},"end":{"line":948,"column":143}},"type":"cond-expr","locations":[{"start":{"line":948,"column":51},"end":{"line":948,"column":137}},{"start":{"line":948,"column":139},"end":{"line":948,"column":143}}],"line":948}},"s":{"0":1,"1":1,"2":1,"3":1,"4":1,"5":0,"6":0,"7":0,"8":0,"9":0,"10":0,"11":0,"12":0,"13":0,"14":0,"15":0,"16":0,"17":0,"18":0,"19":0,"20":0,"21":0,"22":0,"23":0,"24":0,"25":0,"26":0,"27":0,"28":0,"29":0,"30":0,"31":0,"32":0,"33":0,"34":0,"35":0,"36":0,"37":0,"38":0,"39":0,"40":0,"41":0,"42":0,"43":0,"44":0,"45":0,"46":0,"47":0,"48":0,"49":0,"50":0,"51":0,"52":0,"53":0,"54":0,"55":0,"56":0,"57":0,"58":0,"59":0,"60":0,"61":0,"62":0,"63":0,"64":0,"65":0,"66":0,"67":0,"68":0,"69":0,"70":0,"71":0,"72":0,"73":0,"74":0,"75":0,"76":0,"77":0,"78":0,"79":0,"80":0,"81":0,"82":0,"83":0,"84":0,"85":0,"86":0,"87":0,"88":0,"89":0,"90":0,"91":0,"92":0,"93":0,"94":0,"95":0,"96":0,"97":0,"98":0,"99":0,"100":0,"101":0,"102":0,"103":0,"104":0,"105":0,"106":0,"107":0,"108":0,"109":0,"110":0,"111":0,"112":0,"113":0,"114":0,"115":0,"116":0,"117":0,"118":0,"119":0,"120":0,"121":0,"122":0,"123":0,"124":0,"125":0,"126":0,"127":0,"128":0,"129":0,"130":0,"131":0,"132":0,"133":0,"134":0,"135":0,"136":0,"137":0,"138":0,"139":0,"140":0,"141":0,"142":0,"143":0,"144":0,"145":0,"146":0,"147":0,"148":0,"149":0,"150":0,"151":0,"152":0,"153":0,"154":0,"155":0,"156":0,"157":0,"158":0,"159":0,"160":0,"161":0,"162":0,"163":0,"164":0,"165":0,"166":0,"167":0,"168":0,"169":0,"170":0,"171":0,"172":0,"173":0,"174":0,"175":0,"176":0,"177":0,"178":0,"179":0,"180":0,"181":0,"182":0,"183":0,"184":0,"185":0,"186":0,"187":0,"188":0,"189":0,"190":0,"191":0,"192":0,"193":0,"194":0,"195":0,"196":0,"197":0,"198":0,"199":0,"200":0,"201":0,"202":0,"203":0,"204":0,"205":0,"206":0,"207":0,"208":0,"209":0,"210":0,"211":0,"212":0,"213":1,"214":1,"215":1,"216":1,"217":1,"218":0,"219":0,"220":0,"221":0,"222":0,"223":0,"224":0,"225":0,"226":0,"227":0,"228":0,"229":0,"230":0,"231":0,"232":0,"233":0,"234":1},"f":{"0":1,"1":1,"2":0,"3":0,"4":0,"5":0,"6":0,"7":0,"8":0,"9":0,"10":0,"11":0,"12":0,"13":0,"14":0,"15":0,"16":0,"17":0,"18":0,"19":0,"20":0,"21":0,"22":0,"23":0,"24":0,"25":0,"26":0,"27":0,"28":0,"29":0,"30":0,"31":0,"32":0,"33":0,"34":0,"35":0,"36":0,"37":0,"38":0,"39":0,"40":0,"41":0,"42":0,"43":0,"44":0,"45":0,"46":0,"47":0,"48":0,"49":1,"50":0,"51":0,"52":0,"53":0,"54":0,"55":0,"56":0,"57":0,"58":0,"59":0,"60":0,"61":0,"62":0,"63":0,"64":0,"65":0},"b":{"0":[0,0],"1":[0,0],"2":[0,0],"3":[0,0],"4":[0,0],"5":[0,0],"6":[0,0],"7":[0,0],"8":[0,0],"9":[0,0],"10":[0,0],"11":[0,0],"12":[0,0],"13":[0,0],"14":[0,0],"15":[0,0],"16":[0,0],"17":[0,0],"18":[0,0],"19":[0,0],"20":[0,0],"21":[0,0],"22":[0,0],"23":[0,0],"24":[0,0],"25":[0,0],"26":[0,0],"27":[0,0],"28":[0,0],"29":[0,0],"30":[0,0],"31":[0,0],"32":[0,0],"33":[0,0],"34":[0,0],"35":[0,0],"36":[0,0],"37":[0,0],"38":[0,0],"39":[0,0],"40":[1,0],"41":[1,0],"42":[1,0],"43":[1,0],"44":[0,0],"45":[0,0],"46":[0,0]},"_coverageSchema":"332fd63041d2c1bcb487cc26dd0d5f7d97098a6c","hash":"4ea892b30c8163f6557fcf0dd4280094b085d5e1"}
,"/Users/tirathshah/Desktop/CS682/react_app/folio_app/my-app/screens/SettingsScreen.js": {"path":"/Users/tirathshah/Desktop/CS682/react_app/folio_app/my-app/screens/SettingsScreen.js","statementMap":{"0":{"start":{"line":26,"column":3},"end":{"line":26,"column":16}},"1":{"start":{"line":27,"column":4},"end":{"line":28,"column":5}},"2":{"start":{"line":32,"column":4},"end":{"line":32,"column":20}},"3":{"start":{"line":36,"column":4},"end":{"line":39,"column":6}},"4":{"start":{"line":44,"column":4},"end":{"line":44,"column":82}},"5":{"start":{"line":44,"column":75},"end":{"line":44,"column":82}},"6":{"start":{"line":45,"column":14},"end":{"line":45,"column":45}},"7":{"start":{"line":46,"column":16},"end":{"line":46,"column":18}},"8":{"start":{"line":47,"column":12},"end":{"line":47,"column":13}},"9":{"start":{"line":48,"column":25},"end":{"line":48,"column":46}},"10":{"start":{"line":49,"column":23},"end":{"line":49,"column":50}},"11":{"start":{"line":50,"column":4},"end":{"line":63,"column":6}},"12":{"start":{"line":53,"column":68},"end":{"line":53,"column":167}},"13":{"start":{"line":64,"column":4},"end":{"line":68,"column":6}},"14":{"start":{"line":69,"column":4},"end":{"line":79,"column":5}},"15":{"start":{"line":70,"column":6},"end":{"line":78,"column":7}},"16":{"start":{"line":80,"column":4},"end":{"line":87,"column":5}},"17":{"start":{"line":88,"column":4},"end":{"line":92,"column":5}},"18":{"start":{"line":94,"column":4},"end":{"line":94,"column":42}},"19":{"start":{"line":95,"column":4},"end":{"line":105,"column":5}},"20":{"start":{"line":96,"column":6},"end":{"line":104,"column":7}},"21":{"start":{"line":106,"column":4},"end":{"line":113,"column":5}},"22":{"start":{"line":114,"column":4},"end":{"line":131,"column":5}},"23":{"start":{"line":117,"column":12},"end":{"line":123,"column":14}},"24":{"start":{"line":132,"column":4},"end":{"line":132,"column":17}},"25":{"start":{"line":137,"column":21},"end":{"line":137,"column":30}},"26":{"start":{"line":138,"column":6},"end":{"line":147,"column":8}},"27":{"start":{"line":143,"column":12},"end":{"line":143,"column":41}},"28":{"start":{"line":151,"column":6},"end":{"line":151,"column":30}},"29":{"start":{"line":152,"column":6},"end":{"line":159,"column":7}},"30":{"start":{"line":156,"column":26},"end":{"line":156,"column":38}},"31":{"start":{"line":164,"column":15},"end":{"line":201,"column":2}}},"fnMap":{"0":{"name":"(anonymous_0)","decl":{"start":{"line":25,"column":2},"end":{"line":25,"column":3}},"loc":{"start":{"line":25,"column":21},"end":{"line":29,"column":3}},"line":25},"1":{"name":"(anonymous_1)","decl":{"start":{"line":31,"column":2},"end":{"line":31,"column":3}},"loc":{"start":{"line":31,"column":22},"end":{"line":33,"column":3}},"line":31},"2":{"name":"(anonymous_2)","decl":{"start":{"line":35,"column":2},"end":{"line":35,"column":3}},"loc":{"start":{"line":35,"column":13},"end":{"line":40,"column":3}},"line":35},"3":{"name":"(anonymous_3)","decl":{"start":{"line":42,"column":2},"end":{"line":42,"column":3}},"loc":{"start":{"line":42,"column":15},"end":{"line":134,"column":3}},"line":42},"4":{"name":"(anonymous_4)","decl":{"start":{"line":53,"column":62},"end":{"line":53,"column":63}},"loc":{"start":{"line":53,"column":68},"end":{"line":53,"column":167}},"line":53},"5":{"name":"(anonymous_5)","decl":{"start":{"line":116,"column":188},"end":{"line":116,"column":189}},"loc":{"start":{"line":116,"column":194},"end":{"line":124,"column":9}},"line":116},"6":{"name":"(anonymous_6)","decl":{"start":{"line":136,"column":4},"end":{"line":136,"column":5}},"loc":{"start":{"line":136,"column":25},"end":{"line":148,"column":5}},"line":136},"7":{"name":"(anonymous_7)","decl":{"start":{"line":142,"column":19},"end":{"line":142,"column":20}},"loc":{"start":{"line":142,"column":25},"end":{"line":144,"column":11}},"line":142},"8":{"name":"(anonymous_8)","decl":{"start":{"line":150,"column":4},"end":{"line":150,"column":5}},"loc":{"start":{"line":150,"column":13},"end":{"line":160,"column":5}},"line":150},"9":{"name":"(anonymous_9)","decl":{"start":{"line":156,"column":22},"end":{"line":156,"column":23}},"loc":{"start":{"line":156,"column":25},"end":{"line":156,"column":39}},"line":156}},"branchMap":{"0":{"loc":{"start":{"line":44,"column":4},"end":{"line":44,"column":82}},"type":"if","locations":[{"start":{"line":44,"column":4},"end":{"line":44,"column":82}},{"start":{"line":44,"column":4},"end":{"line":44,"column":82}}],"line":44},"1":{"loc":{"start":{"line":44,"column":8},"end":{"line":44,"column":74}},"type":"binary-expr","locations":[{"start":{"line":44,"column":8},"end":{"line":44,"column":33}},{"start":{"line":44,"column":37},"end":{"line":44,"column":74}}],"line":44},"2":{"loc":{"start":{"line":83,"column":11},"end":{"line":83,"column":88}},"type":"cond-expr","locations":[{"start":{"line":83,"column":27},"end":{"line":83,"column":81}},{"start":{"line":83,"column":84},"end":{"line":83,"column":88}}],"line":83},"3":{"loc":{"start":{"line":109,"column":11},"end":{"line":109,"column":88}},"type":"cond-expr","locations":[{"start":{"line":109,"column":27},"end":{"line":109,"column":81}},{"start":{"line":109,"column":84},"end":{"line":109,"column":88}}],"line":109}},"s":{"0":0,"1":0,"2":0,"3":0,"4":0,"5":0,"6":0,"7":0,"8":0,"9":0,"10":0,"11":0,"12":0,"13":0,"14":0,"15":0,"16":0,"17":0,"18":0,"19":0,"20":0,"21":0,"22":0,"23":0,"24":0,"25":0,"26":0,"27":0,"28":0,"29":0,"30":0,"31":1},"f":{"0":0,"1":0,"2":0,"3":0,"4":0,"5":0,"6":0,"7":0,"8":0,"9":0},"b":{"0":[0,0],"1":[0,0],"2":[0,0],"3":[0,0]},"_coverageSchema":"332fd63041d2c1bcb487cc26dd0d5f7d97098a6c","hash":"489f670e49ee66744fad37d6a187c46cea6f2be7"}
,"/Users/tirathshah/Desktop/CS682/react_app/folio_app/my-app/screens/image/arrow_right.png": {"path":"/Users/tirathshah/Desktop/CS682/react_app/folio_app/my-app/screens/image/arrow_right.png","statementMap":{"0":{"start":{"line":1,"column":0},"end":{"line":3,"column":6}}},"fnMap":{},"branchMap":{},"s":{"0":1},"f":{},"b":{},"_coverageSchema":"332fd63041d2c1bcb487cc26dd0d5f7d97098a6c","hash":"f6a8a1df7ca54f76fe10d147b1e8c74254a3dfc9"}
,"/Users/tirathshah/Desktop/CS682/react_app/folio_app/my-app/screens/image/login.png": {"path":"/Users/tirathshah/Desktop/CS682/react_app/folio_app/my-app/screens/image/login.png","statementMap":{"0":{"start":{"line":1,"column":0},"end":{"line":3,"column":6}}},"fnMap":{},"branchMap":{},"s":{"0":1},"f":{},"b":{},"_coverageSchema":"332fd63041d2c1bcb487cc26dd0d5f7d97098a6c","hash":"6fb5b8cd5892721c55ec7b6d74562d7f9b6aab24"}
,"/Users/tirathshah/Desktop/CS682/react_app/folio_app/my-app/screens/lib/LoginButton.js": {"path":"/Users/tirathshah/Desktop/CS682/react_app/folio_app/my-app/screens/lib/LoginButton.js","statementMap":{"0":{"start":{"line":16,"column":4},"end":{"line":16,"column":17}},"1":{"start":{"line":17,"column":4},"end":{"line":17,"column":30}},"2":{"start":{"line":20,"column":4},"end":{"line":26,"column":6}},"3":{"start":{"line":29,"column":20},"end":{"line":45,"column":2}}},"fnMap":{"0":{"name":"(anonymous_0)","decl":{"start":{"line":15,"column":2},"end":{"line":15,"column":3}},"loc":{"start":{"line":15,"column":21},"end":{"line":18,"column":3}},"line":15},"1":{"name":"(anonymous_1)","decl":{"start":{"line":19,"column":2},"end":{"line":19,"column":3}},"loc":{"start":{"line":19,"column":11},"end":{"line":27,"column":3}},"line":19}},"branchMap":{},"s":{"0":10,"1":10,"2":10,"3":1},"f":{"0":10,"1":10},"b":{},"_coverageSchema":"332fd63041d2c1bcb487cc26dd0d5f7d97098a6c","hash":"022eda4f99ba30e1b473ff0fd8344c5e271a89ce"}
}
