TN:
SF:/Users/tirathshah/Desktop/CS682/react_app/folio_app/my-app/App.js
FNF:0
FNH:0
LF:0
LH:0
BRF:0
BRH:0
end_of_record
TN:
SF:/Users/tirathshah/Desktop/CS682/react_app/folio_app/my-app/api/registerForPushNotificationsAsync.js
FN:6,registerForPushNotificationsAsync
FNF:1
FNH:1
FNDA:6,registerForPushNotificationsAsync
DA:4,1
DA:8,6
DA:9,6
DA:14,0
DA:17,0
DA:18,0
DA:22,0
DA:25,0
LF:8
LH:3
BRDA:8,0,0,6
BRDA:8,0,1,0
BRDA:17,1,0,0
BRDA:17,1,1,0
BRF:4
BRH:1
end_of_record
TN:
SF:/Users/tirathshah/Desktop/CS682/react_app/folio_app/my-app/constants/Colors.js
FNF:0
FNH:0
DA:1,1
LF:1
LH:1
BRF:0
BRH:0
end_of_record
TN:
SF:/Users/tirathshah/Desktop/CS682/react_app/folio_app/my-app/navigation/MainTabNavigator.js
FN:28,(anonymous_0)
FN:29,(anonymous_1)
FNF:2
FNH:0
FNDA:0,(anonymous_0)
FNDA:0,(anonymous_1)
DA:28,0
DA:30,0
DA:32,0
DA:34,0
DA:38,0
DA:40,0
DA:41,0
DA:43,0
DA:46,0
LF:9
LH:0
BRDA:32,0,0,0
BRDA:32,0,1,0
BRDA:32,0,2,0
BRDA:35,1,0,0
BRDA:35,1,1,0
BRDA:36,2,0,0
BRDA:36,2,1,0
BRDA:40,3,0,0
BRDA:40,3,1,0
BRDA:40,4,0,0
BRDA:40,4,1,0
BRDA:44,5,0,0
BRDA:44,5,1,0
BRDA:44,6,0,0
BRDA:44,6,1,0
BRDA:51,7,0,0
BRDA:51,7,1,0
BRF:17
BRH:0
end_of_record
TN:
SF:/Users/tirathshah/Desktop/CS682/react_app/folio_app/my-app/navigation/RootNavigation.js
FN:12,(anonymous_0)
FN:16,(anonymous_1)
FN:20,(anonymous_2)
FN:24,(anonymous_3)
FN:35,(anonymous_4)
FN:39,(anonymous_5)
FNF:6
FNH:4
FNDA:6,(anonymous_0)
FNDA:6,(anonymous_1)
FNDA:0,(anonymous_2)
FNDA:6,(anonymous_3)
FNDA:0,(anonymous_4)
FNDA:6,(anonymous_5)
DA:13,6
DA:17,6
DA:21,0
DA:29,6
DA:32,6
DA:36,0
DA:40,6
LF:7
LH:5
BRDA:21,0,0,0
BRDA:21,0,1,0
BRF:2
BRH:0
end_of_record
TN:
SF:/Users/tirathshah/Desktop/CS682/react_app/folio_app/my-app/screens/BookScreen.js
FN:28,(anonymous_0)
FN:47,(anonymous_1)
FN:53,(anonymous_2)
FN:69,(anonymous_3)
FN:125,(anonymous_4)
FN:127,(anonymous_5)
FNF:6
FNH:0
FNDA:0,(anonymous_0)
FNDA:0,(anonymous_1)
FNDA:0,(anonymous_2)
FNDA:0,(anonymous_3)
FNDA:0,(anonymous_4)
FNDA:0,(anonymous_5)
DA:29,0
DA:30,0
DA:48,0
DA:49,0
DA:50,0
DA:54,0
DA:56,0
DA:57,0
DA:64,0
DA:69,0
DA:126,0
DA:127,0
DA:147,1
LF:13
LH:1
BRDA:56,0,0,0
BRDA:56,0,1,0
BRDA:129,1,0,0
BRDA:129,1,1,0
BRDA:130,2,0,0
BRDA:130,2,1,0
BRDA:131,3,0,0
BRDA:131,3,1,0
BRDA:132,4,0,0
BRDA:132,4,1,0
BRDA:133,5,0,0
BRDA:133,5,1,0
BRDA:134,6,0,0
BRDA:134,6,1,0
BRF:14
BRH:0
end_of_record
TN:
SF:/Users/tirathshah/Desktop/CS682/react_app/folio_app/my-app/screens/HomeScreen.js
FN:19,(anonymous_0)
FN:33,(anonymous_1)
FN:40,(anonymous_2)
FN:48,(anonymous_3)
FN:53,(anonymous_4)
FN:56,(anonymous_5)
FN:70,(anonymous_6)
FN:75,(anonymous_7)
FN:100,(anonymous_8)
FN:110,(anonymous_9)
FN:118,(anonymous_10)
FN:124,(anonymous_11)
FN:131,(anonymous_12)
FN:144,(anonymous_13)
FN:216,(anonymous_14)
FN:217,(anonymous_15)
FN:241,(anonymous_16)
FN:243,(anonymous_17)
FN:257,(anonymous_18)
FN:264,(anonymous_19)
FN:271,(anonymous_20)
FNF:21
FNH:4
FNDA:1,(anonymous_0)
FNDA:1,(anonymous_1)
FNDA:1,(anonymous_2)
FNDA:0,(anonymous_3)
FNDA:0,(anonymous_4)
FNDA:0,(anonymous_5)
FNDA:0,(anonymous_6)
FNDA:0,(anonymous_7)
FNDA:0,(anonymous_8)
FNDA:0,(anonymous_9)
FNDA:0,(anonymous_10)
FNDA:0,(anonymous_11)
FNDA:0,(anonymous_12)
FNDA:0,(anonymous_13)
FNDA:0,(anonymous_14)
FNDA:1,(anonymous_15)
FNDA:0,(anonymous_16)
FNDA:0,(anonymous_17)
FNDA:0,(anonymous_18)
FNDA:0,(anonymous_19)
FNDA:0,(anonymous_20)
DA:20,1
DA:21,1
DA:36,1
DA:37,1
DA:41,1
DA:42,1
DA:49,0
DA:54,0
DA:57,0
DA:58,0
DA:59,0
DA:60,0
DA:61,0
DA:62,0
DA:66,0
DA:71,0
DA:76,0
DA:78,0
DA:79,0
DA:80,0
DA:81,0
DA:84,0
DA:85,0
DA:86,0
DA:87,0
DA:91,0
DA:92,0
DA:94,0
DA:101,0
DA:102,0
DA:103,0
DA:107,0
DA:111,0
DA:112,0
DA:119,0
DA:120,0
DA:125,0
DA:132,0
DA:133,0
DA:134,0
DA:137,0
DA:139,0
DA:140,0
DA:145,0
DA:151,0
DA:152,0
DA:153,0
DA:154,0
DA:156,0
DA:157,0
DA:158,0
DA:160,0
DA:161,0
DA:162,0
DA:167,0
DA:169,0
DA:170,0
DA:203,0
DA:204,0
DA:205,0
DA:206,0
DA:207,0
DA:208,0
DA:210,0
DA:216,0
DA:218,1
DA:219,1
DA:220,1
DA:226,0
DA:242,0
DA:243,0
DA:257,0
DA:264,0
DA:271,0
DA:283,1
LF:75
LH:10
BRDA:60,0,0,0
BRDA:60,0,1,0
BRDA:80,1,0,0
BRDA:80,1,1,0
BRDA:86,2,0,0
BRDA:86,2,1,0
BRDA:101,3,0,0
BRDA:101,3,1,0
BRDA:152,4,0,0
BRDA:152,4,1,0
BRDA:156,5,0,0
BRDA:156,5,1,0
BRDA:160,6,0,0
BRDA:160,6,1,0
BRDA:219,7,0,1
BRDA:219,7,1,0
BRF:16
BRH:1
end_of_record
TN:
SF:/Users/tirathshah/Desktop/CS682/react_app/folio_app/my-app/screens/LoginScreen.js
FN:29,(anonymous_0)
FN:39,(anonymous_1)
FN:53,(anonymous_2)
FN:66,(anonymous_3)
FN:71,(anonymous_4)
FN:76,(anonymous_5)
FN:98,(anonymous_6)
FN:109,(anonymous_7)
FNF:8
FNH:5
FNDA:10,(anonymous_0)
FNDA:2,(anonymous_1)
FNDA:1,(anonymous_2)
FNDA:2,(anonymous_3)
FNDA:0,(anonymous_4)
FNDA:10,(anonymous_5)
FNDA:0,(anonymous_6)
FNDA:0,(anonymous_7)
DA:30,10
DA:31,10
DA:32,10
DA:33,10
DA:41,2
DA:45,2
DA:46,2
DA:47,2
DA:54,1
DA:55,1
DA:57,1
DA:58,0
DA:67,2
DA:72,0
DA:77,10
DA:99,0
DA:110,0
DA:125,1
LF:18
LH:14
BRF:0
BRH:0
end_of_record
TN:
SF:/Users/tirathshah/Desktop/CS682/react_app/folio_app/my-app/screens/ProfileScreen.js
FN:53,(anonymous_0)
FN:87,(anonymous_1)
FN:98,(anonymous_2)
FN:108,(anonymous_3)
FN:111,(anonymous_4)
FN:114,(anonymous_5)
FN:232,(anonymous_6)
FN:235,(anonymous_7)
FN:238,(anonymous_8)
FN:251,(anonymous_9)
FN:255,(anonymous_10)
FN:264,(anonymous_11)
FN:265,(anonymous_12)
FN:281,(anonymous_13)
FN:287,(anonymous_14)
FN:291,(anonymous_15)
FN:310,(anonymous_16)
FN:314,(anonymous_17)
FN:326,(anonymous_18)
FN:329,(anonymous_19)
FN:339,(anonymous_20)
FN:340,(anonymous_21)
FN:370,(anonymous_22)
FN:373,(anonymous_23)
FN:390,(anonymous_24)
FN:395,(anonymous_25)
FN:400,(anonymous_26)
FN:406,(anonymous_27)
FN:412,(anonymous_28)
FN:418,(anonymous_29)
FN:424,(anonymous_30)
FN:430,(anonymous_31)
FN:436,(anonymous_32)
FN:442,(anonymous_33)
FN:448,(anonymous_34)
FN:454,(anonymous_35)
FN:460,(anonymous_36)
FN:466,(anonymous_37)
FN:492,(anonymous_38)
FN:499,(anonymous_39)
FN:504,(anonymous_40)
FN:537,(anonymous_41)
FN:548,(anonymous_42)
FN:572,(anonymous_43)
FN:581,(anonymous_44)
FN:596,(anonymous_45)
FN:611,(anonymous_46)
FN:626,(anonymous_47)
FN:641,(anonymous_48)
FN:643,(anonymous_49)
FN:670,(anonymous_50)
FN:700,(anonymous_51)
FN:712,(anonymous_52)
FN:724,(anonymous_53)
FN:740,(anonymous_54)
FN:769,(anonymous_55)
FN:796,(anonymous_56)
FN:808,(anonymous_57)
FN:824,(anonymous_58)
FN:851,(anonymous_59)
FN:861,(anonymous_60)
FN:872,(anonymous_61)
FN:883,(anonymous_62)
FN:893,(anonymous_63)
FN:912,(anonymous_64)
FN:925,(anonymous_65)
FNF:66
FNH:3
FNDA:1,(anonymous_0)
FNDA:1,(anonymous_1)
FNDA:0,(anonymous_2)
FNDA:0,(anonymous_3)
FNDA:0,(anonymous_4)
FNDA:0,(anonymous_5)
FNDA:0,(anonymous_6)
FNDA:0,(anonymous_7)
FNDA:0,(anonymous_8)
FNDA:0,(anonymous_9)
FNDA:0,(anonymous_10)
FNDA:0,(anonymous_11)
FNDA:0,(anonymous_12)
FNDA:0,(anonymous_13)
FNDA:0,(anonymous_14)
FNDA:0,(anonymous_15)
FNDA:0,(anonymous_16)
FNDA:0,(anonymous_17)
FNDA:0,(anonymous_18)
FNDA:0,(anonymous_19)
FNDA:0,(anonymous_20)
FNDA:0,(anonymous_21)
FNDA:0,(anonymous_22)
FNDA:0,(anonymous_23)
FNDA:0,(anonymous_24)
FNDA:0,(anonymous_25)
FNDA:0,(anonymous_26)
FNDA:0,(anonymous_27)
FNDA:0,(anonymous_28)
FNDA:0,(anonymous_29)
FNDA:0,(anonymous_30)
FNDA:0,(anonymous_31)
FNDA:0,(anonymous_32)
FNDA:0,(anonymous_33)
FNDA:0,(anonymous_34)
FNDA:0,(anonymous_35)
FNDA:0,(anonymous_36)
FNDA:0,(anonymous_37)
FNDA:0,(anonymous_38)
FNDA:0,(anonymous_39)
FNDA:0,(anonymous_40)
FNDA:0,(anonymous_41)
FNDA:0,(anonymous_42)
FNDA:0,(anonymous_43)
FNDA:0,(anonymous_44)
FNDA:0,(anonymous_45)
FNDA:0,(anonymous_46)
FNDA:0,(anonymous_47)
FNDA:0,(anonymous_48)
FNDA:1,(anonymous_49)
FNDA:0,(anonymous_50)
FNDA:0,(anonymous_51)
FNDA:0,(anonymous_52)
FNDA:0,(anonymous_53)
FNDA:0,(anonymous_54)
FNDA:0,(anonymous_55)
FNDA:0,(anonymous_56)
FNDA:0,(anonymous_57)
FNDA:0,(anonymous_58)
FNDA:0,(anonymous_59)
FNDA:0,(anonymous_60)
FNDA:0,(anonymous_61)
FNDA:0,(anonymous_62)
FNDA:0,(anonymous_63)
FNDA:0,(anonymous_64)
FNDA:0,(anonymous_65)
DA:54,1
DA:55,1
DA:88,1
DA:96,1
DA:97,1
DA:100,0
DA:101,0
DA:105,0
DA:109,0
DA:112,0
DA:113,0
DA:115,0
DA:116,0
DA:118,0
DA:119,0
DA:123,0
DA:124,0
DA:128,0
DA:129,0
DA:133,0
DA:134,0
DA:138,0
DA:139,0
DA:144,0
DA:145,0
DA:147,0
DA:148,0
DA:152,0
DA:153,0
DA:157,0
DA:158,0
DA:162,0
DA:163,0
DA:167,0
DA:168,0
DA:172,0
DA:173,0
DA:180,0
DA:181,0
DA:185,0
DA:186,0
DA:190,0
DA:191,0
DA:195,0
DA:196,0
DA:200,0
DA:201,0
DA:205,0
DA:206,0
DA:210,0
DA:211,0
DA:215,0
DA:216,0
DA:221,0
DA:226,0
DA:228,0
DA:233,0
DA:236,0
DA:237,0
DA:239,0
DA:240,0
DA:244,0
DA:245,0
DA:247,0
DA:249,0
DA:252,0
DA:257,0
DA:258,0
DA:259,0
DA:260,0
DA:262,0
DA:263,0
DA:264,0
DA:266,0
DA:267,0
DA:268,0
DA:272,0
DA:274,0
DA:277,0
DA:282,0
DA:283,0
DA:288,0
DA:289,0
DA:292,0
DA:293,0
DA:294,0
DA:295,0
DA:296,0
DA:297,0
DA:301,0
DA:307,0
DA:311,0
DA:312,0
DA:313,0
DA:315,0
DA:316,0
DA:317,0
DA:321,0
DA:324,0
DA:327,0
DA:331,0
DA:332,0
DA:333,0
DA:334,0
DA:336,0
DA:337,0
DA:338,0
DA:339,0
DA:341,0
DA:342,0
DA:343,0
DA:344,0
DA:345,0
DA:346,0
DA:347,0
DA:348,0
DA:349,0
DA:351,0
DA:352,0
DA:355,0
DA:356,0
DA:357,0
DA:358,0
DA:359,0
DA:363,0
DA:371,0
DA:374,0
DA:375,0
DA:376,0
DA:377,0
DA:378,0
DA:379,0
DA:383,0
DA:391,0
DA:396,0
DA:401,0
DA:407,0
DA:413,0
DA:419,0
DA:425,0
DA:431,0
DA:437,0
DA:443,0
DA:449,0
DA:455,0
DA:461,0
DA:468,0
DA:470,0
DA:471,0
DA:472,0
DA:473,0
DA:475,0
DA:479,0
DA:488,0
DA:490,0
DA:491,0
DA:493,0
DA:494,0
DA:496,0
DA:500,0
DA:506,0
DA:508,0
DA:509,0
DA:513,0
DA:514,0
DA:515,0
DA:516,0
DA:517,0
DA:518,0
DA:520,0
DA:524,0
DA:533,0
DA:535,0
DA:536,0
DA:539,0
DA:540,0
DA:542,0
DA:550,0
DA:551,0
DA:552,0
DA:554,0
DA:558,0
DA:568,0
DA:570,0
DA:571,0
DA:573,0
DA:574,0
DA:576,0
DA:582,0
DA:583,0
DA:584,0
DA:585,0
DA:589,0
DA:590,0
DA:597,0
DA:598,0
DA:599,0
DA:600,0
DA:604,0
DA:605,0
DA:612,0
DA:613,0
DA:614,0
DA:615,0
DA:619,0
DA:620,0
DA:627,0
DA:628,0
DA:629,0
DA:630,0
DA:634,0
DA:635,0
DA:641,0
DA:647,1
DA:648,1
DA:649,1
DA:650,1
DA:652,1
DA:670,0
DA:700,0
DA:712,0
DA:724,0
DA:740,0
DA:769,0
DA:796,0
DA:808,0
DA:824,0
DA:851,0
DA:861,0
DA:872,0
DA:883,0
DA:893,0
DA:912,0
DA:925,0
DA:964,1
LF:235
LH:11
BRDA:100,0,0,0
BRDA:100,0,1,0
BRDA:115,1,0,0
BRDA:115,1,1,0
BRDA:118,2,0,0
BRDA:118,2,1,0
BRDA:123,3,0,0
BRDA:123,3,1,0
BRDA:128,4,0,0
BRDA:128,4,1,0
BRDA:133,5,0,0
BRDA:133,5,1,0
BRDA:138,6,0,0
BRDA:138,6,1,0
BRDA:144,7,0,0
BRDA:144,7,1,0
BRDA:147,8,0,0
BRDA:147,8,1,0
BRDA:152,9,0,0
BRDA:152,9,1,0
BRDA:157,10,0,0
BRDA:157,10,1,0
BRDA:162,11,0,0
BRDA:162,11,1,0
BRDA:167,12,0,0
BRDA:167,12,1,0
BRDA:172,13,0,0
BRDA:172,13,1,0
BRDA:180,14,0,0
BRDA:180,14,1,0
BRDA:185,15,0,0
BRDA:185,15,1,0
BRDA:190,16,0,0
BRDA:190,16,1,0
BRDA:195,17,0,0
BRDA:195,17,1,0
BRDA:200,18,0,0
BRDA:200,18,1,0
BRDA:205,19,0,0
BRDA:205,19,1,0
BRDA:210,20,0,0
BRDA:210,20,1,0
BRDA:215,21,0,0
BRDA:215,21,1,0
BRDA:244,22,0,0
BRDA:244,22,1,0
BRDA:262,23,0,0
BRDA:262,23,1,0
BRDA:266,24,0,0
BRDA:266,24,1,0
BRDA:296,25,0,0
BRDA:296,25,1,0
BRDA:316,26,0,0
BRDA:316,26,1,0
BRDA:337,27,0,0
BRDA:337,27,1,0
BRDA:342,28,0,0
BRDA:342,28,1,0
BRDA:347,29,0,0
BRDA:347,29,1,0
BRDA:351,30,0,0
BRDA:351,30,1,0
BRDA:378,31,0,0
BRDA:378,31,1,0
BRDA:493,32,0,0
BRDA:493,32,1,0
BRDA:508,33,0,0
BRDA:508,33,1,0
BRDA:539,34,0,0
BRDA:539,34,1,0
BRDA:573,35,0,0
BRDA:573,35,1,0
BRDA:583,36,0,0
BRDA:583,36,1,0
BRDA:598,37,0,0
BRDA:598,37,1,0
BRDA:613,38,0,0
BRDA:613,38,1,0
BRDA:628,39,0,0
BRDA:628,39,1,0
BRDA:647,40,0,1
BRDA:647,40,1,0
BRDA:648,41,0,1
BRDA:648,41,1,0
BRDA:649,42,0,1
BRDA:649,42,1,0
BRDA:650,43,0,1
BRDA:650,43,1,0
BRDA:936,44,0,0
BRDA:936,44,1,0
BRDA:947,45,0,0
BRDA:947,45,1,0
BRDA:948,46,0,0
BRDA:948,46,1,0
BRF:94
BRH:4
end_of_record
TN:
SF:/Users/tirathshah/Desktop/CS682/react_app/folio_app/my-app/screens/SettingsScreen.js
FN:25,(anonymous_0)
FN:31,(anonymous_1)
FN:35,(anonymous_2)
FN:42,(anonymous_3)
FN:53,(anonymous_4)
FN:116,(anonymous_5)
FN:136,(anonymous_6)
FN:142,(anonymous_7)
FN:150,(anonymous_8)
FN:156,(anonymous_9)
FNF:10
FNH:0
FNDA:0,(anonymous_0)
FNDA:0,(anonymous_1)
FNDA:0,(anonymous_2)
FNDA:0,(anonymous_3)
FNDA:0,(anonymous_4)
FNDA:0,(anonymous_5)
FNDA:0,(anonymous_6)
FNDA:0,(anonymous_7)
FNDA:0,(anonymous_8)
FNDA:0,(anonymous_9)
DA:26,0
DA:27,0
DA:32,0
DA:36,0
DA:44,0
DA:45,0
DA:46,0
DA:47,0
DA:48,0
DA:49,0
DA:50,0
DA:53,0
DA:64,0
DA:69,0
DA:70,0
DA:80,0
DA:88,0
DA:94,0
DA:95,0
DA:96,0
DA:106,0
DA:114,0
DA:117,0
DA:132,0
DA:137,0
DA:138,0
DA:143,0
DA:151,0
DA:152,0
DA:156,0
DA:164,1
LF:31
LH:1
BRDA:44,0,0,0
BRDA:44,0,1,0
BRDA:44,1,0,0
BRDA:44,1,1,0
BRDA:83,2,0,0
BRDA:83,2,1,0
BRDA:109,3,0,0
BRDA:109,3,1,0
BRF:8
BRH:0
end_of_record
TN:
SF:/Users/tirathshah/Desktop/CS682/react_app/folio_app/my-app/screens/image/arrow_right.png
FNF:0
FNH:0
DA:1,1
LF:1
LH:1
BRF:0
BRH:0
end_of_record
TN:
SF:/Users/tirathshah/Desktop/CS682/react_app/folio_app/my-app/screens/image/login.png
FNF:0
FNH:0
DA:1,1
LF:1
LH:1
BRF:0
BRH:0
end_of_record
TN:
SF:/Users/tirathshah/Desktop/CS682/react_app/folio_app/my-app/screens/lib/LoginButton.js
FN:15,(anonymous_0)
FN:19,(anonymous_1)
FNF:2
FNH:2
FNDA:10,(anonymous_0)
FNDA:10,(anonymous_1)
DA:16,10
DA:17,10
DA:20,10
DA:29,1
LF:4
LH:4
BRF:0
BRH:0
end_of_record
